2017-12-21 13:40:23,974 django.server INFO     "GET /payment-gateway/static/swagger/index.html HTTP/1.1" 200 3829
2017-12-21 13:40:24,118 django.server INFO     "GET /payment-gateway/static/swagger/swagger-ui.css HTTP/1.1" 200 33780
2017-12-21 13:40:24,139 django.server INFO     "GET /payment-gateway/static/swagger/swagger-ui-standalone-preset.js HTTP/1.1" 200 337975
2017-12-21 13:40:24,154 django.server INFO     "GET /payment-gateway/static/swagger/print.css HTTP/1.1" 200 48011
2017-12-21 13:40:24,199 django.server INFO     "GET /payment-gateway/static/swagger/swagger-ui-bundle.js HTTP/1.1" 200 1527907
2017-12-21 13:40:24,552 django.server INFO     "GET /payment-gateway/static/swagger/swagger.json HTTP/1.1" 200 5973
2017-12-21 13:40:24,896 django.server INFO     "GET /payment-gateway/static/swagger/favicon-32x32.png HTTP/1.1" 200 1141
2017-12-21 13:40:24,909 django.server INFO     "GET /payment-gateway/static/swagger/favicon-16x16.png HTTP/1.1" 200 445
2017-12-21 13:41:25,328 django.server INFO     "GET /payment-gateway/static/swagger/index.html HTTP/1.1" 304 0
2017-12-21 13:41:25,878 django.server INFO     "GET /payment-gateway/static/swagger/favicon-32x32.png HTTP/1.1" 200 1141
2017-12-21 13:41:27,067 django.server INFO     "GET /payment-gateway/static/swagger/index.html HTTP/1.1" 304 0
2017-12-21 13:41:27,272 django.server INFO     "GET /payment-gateway/static/swagger/favicon-32x32.png HTTP/1.1" 200 1141
2017-12-21 13:42:45,221 django.server INFO     "GET /payment-gateway/static/swagger/index.html HTTP/1.1" 200 3830
2017-12-21 13:42:45,483 django.server INFO     "GET /payment-gateway/static/swagger/worldpay.json HTTP/1.1" 200 10555
2017-12-21 13:42:45,631 django.server INFO     "GET /payment-gateway/static/swagger/favicon-32x32.png HTTP/1.1" 200 1141
2017-12-21 13:42:46,630 django.server INFO     "GET /payment-gateway/static/swagger/index.html HTTP/1.1" 304 0
2017-12-21 13:42:46,898 django.server INFO     "GET /payment-gateway/static/swagger/favicon-32x32.png HTTP/1.1" 200 1141
2017-12-21 15:40:39,279 django.server ERROR    "GET /getPayment/?user=hi HTTP/1.1" 500 58342
2017-12-21 15:42:10,845 django.server ERROR    "GET /getPayment/?user=hi HTTP/1.1" 500 58477
2017-12-21 15:43:41,057 django.server ERROR    "GET /getPayment/?hi HTTP/1.1" 500 58298
2017-12-21 15:43:52,571 django.server ERROR    "GET /getPayment/?user=hi HTTP/1.1" 500 58477
2017-12-21 15:44:42,337 django.server ERROR    "GET /getPayment/?user=hi HTTP/1.1" 500 58477
2017-12-21 15:44:53,422 django.server ERROR    "GET /getPayment/?user=hi HTTP/1.1" 500 56990
2017-12-21 15:45:32,978 django.server ERROR    "GET /getPayment/?user=hi HTTP/1.1" 500 64162
2017-12-21 15:45:57,919 django.server ERROR    "GET /getPayment/?user=hi HTTP/1.1" 500 64257
2017-12-21 15:46:27,900 django.server INFO     "GET /getPayment/?user=hi HTTP/1.1" 200 23
2017-12-21 15:48:35,608 django.server INFO     "GET /getPayment/?id=hi HTTP/1.1" 200 23
2017-12-21 15:52:14,744 django.server ERROR    "GET /getPayment/?id=hi HTTP/1.1" 500 64983
2017-12-21 15:53:04,284 django.server ERROR    "GET /getPayment/?id=hi HTTP/1.1" 500 64823
2017-12-21 15:53:05,458 django.server ERROR    "GET /getPayment/?id=hi HTTP/1.1" 500 64823
2017-12-21 15:53:30,778 django.server ERROR    "GET /getPayment/?id=hi HTTP/1.1" 500 64725
2017-12-21 15:53:46,336 django.server ERROR    "GET /getPayment/?id=hi HTTP/1.1" 500 64726
2017-12-21 15:54:16,913 django.server INFO     "GET /getPayment/?id=hi HTTP/1.1" 200 23
2017-12-21 15:54:27,521 django.server ERROR    "GET /getPayment/?id=hi HTTP/1.1" 500 64750
2017-12-21 15:55:12,525 django.server ERROR    "GET /getPayment/?id=hi HTTP/1.1" 500 64774
2017-12-21 15:57:38,796 django.server ERROR    "GET /getPayment/?id=hi HTTP/1.1" 500 73328
2017-12-21 15:58:58,604 django.server ERROR    "GET /getPayment/?id=hi HTTP/1.1" 500 69924
2017-12-21 15:59:16,690 django.server INFO     "GET /getPayment/?id=hi HTTP/1.1" 200 23
2017-12-21 16:00:36,532 django.server ERROR    "GET /getPayment/?id=hi HTTP/1.1" 500 69890
2017-12-21 16:06:29,709 django.server ERROR    "GET /getPayment/?id=hi HTTP/1.1" 500 65186
2017-12-21 16:06:42,311 django.server ERROR    "GET /getPayment/?id=hi HTTP/1.1" 500 69924
2017-12-21 16:07:18,691 django.server INFO     "GET /getPayment/?id=hi HTTP/1.1" 200 23
2017-12-21 16:07:37,815 django.server ERROR    "GET /getPayment/?id=hi HTTP/1.1" 500 70331
2017-12-21 16:07:59,916 django.server ERROR    "GET /getPayment/?id=hi HTTP/1.1" 500 94025
2017-12-21 16:08:31,112 django.server ERROR    "GET /getPayment/?id=hi HTTP/1.1" 500 95082
2017-12-21 16:09:27,019 django.server ERROR    "GET /getPayment/?id=hi HTTP/1.1" 500 70387
2017-12-21 16:09:41,829 django.server ERROR    "GET /getPayment/?id=hi HTTP/1.1" 500 70397
2017-12-21 16:10:01,554 django.server INFO     "GET /getPayment/?id=hi HTTP/1.1" 200 373
2017-12-21 16:30:12,604 django.server INFO     "GET /payment-gateway/static/swagger/index.html HTTP/1.1" 304 0
2017-12-21 16:30:13,020 django.server INFO     "GET /payment-gateway/static/swagger/worldpay.json HTTP/1.1" 304 0
2017-12-21 16:34:01,552 django.server ERROR    "GET /payment-gateway/api/v1/payments/?{%22hi%22:%22HI%22} HTTP/1.1" 500 65283
2017-12-21 16:35:09,007 django.server WARNING  "GET /getPayment/?id=hi HTTP/1.1" 404 2434
2017-12-21 16:35:20,934 django.server ERROR    "GET /payment-gateway/api/v1/payments/ HTTP/1.1" 500 65481
2017-12-21 16:37:11,124 django.server ERROR    "GET /payment-gateway/api/v1/payments/ HTTP/1.1" 500 65625
2017-12-21 16:37:37,744 django.server ERROR    "GET /payment-gateway/api/v1/payments/ HTTP/1.1" 500 65616
2017-12-21 16:37:51,467 django.server ERROR    "GET /payment-gateway/api/v1/payments/ HTTP/1.1" 500 65621
2017-12-21 16:42:07,046 django.server WARNING  "GET /payment-gateway/api/v1/payments/ HTTP/1.1" 404 2513
2017-12-21 16:42:15,459 django.server WARNING  "GET /payment-gateway/api/v1/payments/1 HTTP/1.1" 404 2516
2017-12-21 16:42:22,924 django.server INFO     "GET /payment-gateway/api/v1/payments/1111 HTTP/1.1" 200 296
2017-12-21 16:42:42,606 django.server WARNING  "GET /payment-gateway/api/v1/payments/111 HTTP/1.1" 404 2522
2017-12-21 16:43:56,729 django.server WARNING  "GET /payment-gateway/api/v1/payments/111 HTTP/1.1" 404 2514
2017-12-21 16:44:00,872 django.server WARNING  "GET /payment-gateway/api/v1/payments/1111 HTTP/1.1" 404 2517
2017-12-21 16:44:55,675 django.server INFO     "GET /payment-gateway/api/v1/payments HTTP/1.1" 301 0
2017-12-21 16:44:56,695 django.server INFO     "GET /payment-gateway/api/v1/payments/ HTTP/1.1" 200 296
2017-12-21 16:45:05,213 django.server WARNING  "GET /payment-gateway/api/v1/payments/a HTTP/1.1" 404 2508
2017-12-21 16:47:37,984 django.server WARNING  "GET /payment-gateway/api/v1/payments/a HTTP/1.1" 404 2508
2017-12-21 16:47:43,201 django.server ERROR    "GET /payment-gateway/api/v1/payments/?a HTTP/1.1" 500 61802
2017-12-21 16:47:48,396 django.server ERROR    "GET /payment-gateway/api/v1/payments/?a=a HTTP/1.1" 500 61815
2017-12-21 16:49:14,556 django.server WARNING  "GET /payment-gateway/api/v1/payments/a HTTP/1.1" 404 2515
2017-12-21 16:49:42,640 django.server WARNING  "GET /payment-gateway/api/v1/payments/a HTTP/1.1" 404 2515
2017-12-21 16:49:44,541 django.server WARNING  "GET /payment-gateway/api/v1/payments/a HTTP/1.1" 404 2515
2017-12-21 16:50:28,033 django.server WARNING  "GET /payment-gateway/api/v1/payments/aaaaaaaaaaaaaaaaaaaaaaaaaaaaaaaaaaaa HTTP/1.1" 404 2620
2017-12-21 16:50:32,634 django.server WARNING  "GET /payment-gateway/api/v1/payments/aaaaaaaaaaaaaaaaaaaaaaaaaaaaaaaaaaaa HTTP/1.1" 404 2620
2017-12-21 16:50:41,419 django.server WARNING  "GET /payment-gateway/api/v1/payments/aaaaaaaaaaaaaaaaaaaaaaaaaaaaaaaaaaaaa HTTP/1.1" 404 2623
2017-12-21 16:50:53,006 django.server WARNING  "GET /payment-gateway/api/v1/payments/a4c34c3c-cf1c-4404-a8fe-8b2d09b18e35 HTTP/1.1" 404 2620
2017-12-21 16:50:58,385 django.server WARNING  "GET /payment-gateway/api/v1/payments/%7Ba4c34c3c-cf1c-4404-a8fe-8b2d09b18e35%7D HTTP/1.1" 404 2630
2017-12-21 16:52:32,575 django.server WARNING  "GET /payment-gateway/api/v1/payments/hi HTTP/1.1" 404 2518
2017-12-21 16:52:49,444 django.server WARNING  "GET /payment-gateway/api/v1/payments/hi HTTP/1.1" 404 2497
2017-12-21 16:53:04,473 django.server WARNING  "GET /payment-gateway/api/v1/payments/hi HTTP/1.1" 404 2497
2017-12-21 16:53:05,283 django.server WARNING  "GET /payment-gateway/api/v1/payments/hi HTTP/1.1" 404 2497
2017-12-21 16:53:05,613 django.server WARNING  "GET /payment-gateway/api/v1/payments/hi HTTP/1.1" 404 2497
2017-12-21 16:53:05,798 django.server WARNING  "GET /payment-gateway/api/v1/payments/hi HTTP/1.1" 404 2497
2017-12-21 16:58:02,988 django.server INFO     "GET /payment-gateway/static/swagger/index.html HTTP/1.1" 200 3830
2017-12-21 16:58:03,225 django.server INFO     "GET /payment-gateway/static/swagger/swagger-ui.css HTTP/1.1" 200 33780
2017-12-21 16:58:03,405 django.server INFO     "GET /payment-gateway/static/swagger/swagger-ui-bundle.js HTTP/1.1" 200 1527907
2017-12-21 16:58:03,420 django.server INFO     "GET /payment-gateway/static/swagger/print.css HTTP/1.1" 200 48011
2017-12-21 16:58:03,472 django.server INFO     "GET /payment-gateway/static/swagger/swagger-ui-standalone-preset.js HTTP/1.1" 200 337975
2017-12-21 16:58:03,940 django.server INFO     "GET /payment-gateway/static/swagger/worldpay.json HTTP/1.1" 200 10555
2017-12-21 16:58:04,640 django.server INFO     "GET /payment-gateway/static/swagger/favicon-32x32.png HTTP/1.1" 200 1141
2017-12-21 16:58:04,921 django.server INFO     "GET /payment-gateway/static/swagger/favicon-16x16.png HTTP/1.1" 200 445
2017-12-21 16:58:18,392 django.server WARNING  "GET /payment-gateway/api/v1/payments/a4c34c3c-cf1c-4404-a8fe-8b2d09b18e35 HTTP/1.1" 404 2620
2017-12-21 16:59:12,473 django.server WARNING  "GET /payment-gateway/api/v1/payments/a4c34c3c-cf1c-4404-a8fe-8b2d09b18e35 HTTP/1.1" 404 2613
2017-12-21 16:59:13,510 django.server WARNING  "GET /payment-gateway/api/v1/payments/a4c34c3c-cf1c-4404-a8fe-8b2d09b18e35 HTTP/1.1" 404 2613
2017-12-21 16:59:14,626 django.server WARNING  "GET /payment-gateway/api/v1/payments/a4c34c3c-cf1c-4404-a8fe-8b2d09b18e35 HTTP/1.1" 404 2613
2017-12-21 17:00:27,297 django.server WARNING  "GET /payment-gateway/api/v1/payments/a4c34c3c-cf1c-4404-a8fe-8b2d09b18e35 HTTP/1.1" 404 2613
2017-12-21 17:02:11,504 django.server WARNING  "GET /payment-gateway/api/v1/payments/a4c34c3c-cf1c-4404-a8fe-8b2d09b18e35 HTTP/1.1" 404 2613
2017-12-21 17:02:33,575 django.server INFO     "GET /payment-gateway/static/swagger/index.html HTTP/1.1" 304 0
2017-12-21 17:02:51,403 django.server WARNING  "GET /payment-gateway/api/v1/payments/a4c34c3c-cf1c-4404-a8fe-8b2d09b18e35 HTTP/1.1" 404 2599
2017-12-21 17:03:19,860 django.server INFO     "GET /payment-gateway/api/v1/payments HTTP/1.1" 301 0
2017-12-21 17:03:20,220 django.server ERROR    "GET /payment-gateway/api/v1/payments/ HTTP/1.1" 500 66160
2017-12-21 17:03:20,740 django.server WARNING  "GET /favicon.ico HTTP/1.1" 404 2428
2017-12-21 17:06:21,127 django.server INFO     "GET /payment-gateway/static/swagger/index.html HTTP/1.1" 304 0
2017-12-21 17:06:21,877 django.server INFO     "GET /payment-gateway/static/swagger/favicon-32x32.png HTTP/1.1" 200 1141
2017-12-21 17:06:36,054 django.server WARNING  "GET /payment-gateway/api/v1/payments/a4c34c3c-cf1c-4404-a8fe-8b2d09b18e35 HTTP/1.1" 404 2613
2017-12-21 17:08:43,856 django.server WARNING  "GET /payment-gateway/api/v1/payments/a4c34c3c-cf1c-4404-a8fe-8b2d09b18e35 HTTP/1.1" 404 2599
2017-12-21 17:09:06,731 django.server ERROR    "GET /payment-gateway/api/v1/payments/ HTTP/1.1" 500 66181
2017-12-21 17:09:24,436 django.server ERROR    "GET /payment-gateway/api/v1/payments/ HTTP/1.1" 500 66321
2017-12-21 17:09:26,425 django.server ERROR    "GET /payment-gateway/api/v1/payments/ HTTP/1.1" 500 66321
2017-12-21 17:19:36,040 django.server ERROR    "GET /payment-gateway/api/v1/payments/ HTTP/1.1" 500 66321
2017-12-21 17:20:15,662 django.server ERROR    "GET /payment-gateway/api/v1/payments/ HTTP/1.1" 500 64392
2017-12-21 17:20:37,610 django.server ERROR    "GET /payment-gateway/api/v1/payments/ HTTP/1.1" 500 66386
2017-12-21 17:20:47,163 django.server INFO     "GET /payment-gateway/api/v1/payments/ HTTP/1.1" 200 296
2017-12-21 17:21:27,524 django.server INFO     "GET /payment-gateway/api/v1/payments/ HTTP/1.1" 200 296
2017-12-21 17:21:32,085 django.server WARNING  "GET /payment-gateway/api/v1/payments/hi HTTP/1.1" 404 2497
2017-12-21 17:21:46,332 django.server WARNING  "GET /payment-gateway/api/v1/payments/hi HTTP/1.1" 404 2498
2017-12-21 17:21:57,762 django.server WARNING  "GET /payment-gateway/api/v1/payments/hi HTTP/1.1" 404 2511
2017-12-21 17:21:59,633 django.server WARNING  "GET /payment-gateway/api/v1/payments/hi HTTP/1.1" 404 2511
2017-12-21 17:22:18,756 django.server WARNING  "GET /payment-gateway/api/v1/payments/hi HTTP/1.1" 404 2511
2017-12-21 17:22:47,028 django.server WARNING  "GET /payment-gateway/api/v1/payments/hi HTTP/1.1" 404 2511
2017-12-21 17:22:51,650 django.server WARNING  "GET /payment-gateway/api/v1/payments/hi HTTP/1.1" 404 2511
2017-12-21 17:22:55,200 django.server WARNING  "GET /payment-gateway/api/v1/payments/what HTTP/1.1" 404 2517
2017-12-21 17:22:57,017 django.server WARNING  "GET /payment-gateway/api/v1/payments/what HTTP/1.1" 404 2517
2017-12-21 17:22:57,928 django.server WARNING  "GET /payment-gateway/api/v1/payments/what HTTP/1.1" 404 2517
2017-12-21 17:22:58,181 django.server WARNING  "GET /payment-gateway/api/v1/payments/what HTTP/1.1" 404 2517
2017-12-21 17:23:03,101 django.server WARNING  "GET /payment-gateway/api/v1/payments/what HTTP/1.1" 404 2517
2017-12-21 17:23:07,743 django.server ERROR    "GET /payment-gateway/api/v1/payments/ HTTP/1.1" 500 60969
2017-12-21 17:23:10,199 django.server ERROR    "GET /payment-gateway/api/v1/payments/ HTTP/1.1" 500 61104
2017-12-21 17:23:31,985 django.server ERROR    "GET /payment-gateway/api/v1/payments/ HTTP/1.1" 500 61104
2017-12-21 17:23:44,342 django.server ERROR    "GET /payment-gateway/api/v1/payments/ HTTP/1.1" 500 61104
2017-12-21 17:24:28,622 django.server INFO     "GET /payment-gateway/api/v1/payments/ HTTP/1.1" 200 296
2017-12-21 17:24:37,831 django.server INFO     "GET /payment-gateway/api/v1/payments/ HTTP/1.1" 200 296
2017-12-21 17:24:39,746 django.server INFO     "GET /payment-gateway/api/v1/payments/ HTTP/1.1" 200 296
2017-12-21 17:24:57,015 django.server INFO     "GET /payment-gateway/api/v1/payments/ HTTP/1.1" 200 296
2017-12-21 17:25:12,296 django.server INFO     "GET /payment-gateway/api/v1/payments/ HTTP/1.1" 200 296
2017-12-21 17:25:22,420 django.server INFO     "GET /payment-gateway/api/v1/payments/ HTTP/1.1" 200 296
2017-12-21 17:25:50,215 django.server INFO     "GET /payment-gateway/api/v1/payments/ HTTP/1.1" 200 296
2017-12-21 17:25:51,146 django.server INFO     "GET /payment-gateway/api/v1/payments/ HTTP/1.1" 200 296
2017-12-21 17:25:55,796 django.server WARNING  "GET /payment-gateway/api/v1/payments/wat HTTP/1.1" 404 2514
2017-12-21 17:27:34,194 django.server WARNING  "GET /payment-gateway/api/v1/payments/wat HTTP/1.1" 404 2514
2017-12-21 17:28:04,527 django.server WARNING  "GET /payment-gateway/api/v1/payments/wat HTTP/1.1" 404 2500
2017-12-21 17:28:17,367 django.server ERROR    "GET /payment-gateway/api/v1/payments/ HTTP/1.1" 500 64927
2017-12-21 17:28:40,491 django.server INFO     "GET /payment-gateway/api/v1/payments/ HTTP/1.1" 200 296
2017-12-21 17:29:04,910 django.server INFO     "GET /payment-gateway/api/v1/payments/ HTTP/1.1" 200 296
2017-12-21 17:29:15,234 django.server WARNING  "GET /payment-gateway/api/v1/payments/hi HTTP/1.1" 404 2497
2017-12-21 17:29:33,230 django.server WARNING  "GET /payment-gateway/api/v1/payments/hi HTTP/1.1" 404 2511
2017-12-21 17:29:34,310 django.server WARNING  "GET /payment-gateway/api/v1/payments/hi HTTP/1.1" 404 2511
2017-12-21 17:29:54,763 django.server WARNING  "GET /payment-gateway/api/v1/payments/hi HTTP/1.1" 404 2518
2017-12-21 17:29:57,301 django.server WARNING  "GET /payment-gateway/api/v1/payments/hi HTTP/1.1" 404 2518
2017-12-21 17:30:06,846 django.server WARNING  "GET /payment-gateway/api/v1/payments/hi HTTP/1.1" 404 2517
2017-12-21 17:30:09,602 django.server WARNING  "GET /payment-gateway/api/v1/payments/hi HTTP/1.1" 404 2517
2017-12-22 10:21:18,296 django.server ERROR    "GET /payment-gateway/api/v1/payments/card/ HTTP/1.1" 500 69168
2017-12-22 10:22:13,506 django.server ERROR    "GET /payment-gateway/api/v1/payments/card/ HTTP/1.1" 500 69333
2017-12-22 10:22:44,065 django.server ERROR    "GET /payment-gateway/api/v1/payments/card/ HTTP/1.1" 500 69333
2017-12-22 10:23:33,337 django.server ERROR    "GET /payment-gateway/api/v1/payments/card/ HTTP/1.1" 500 69285
2017-12-22 10:23:51,509 django.server ERROR    "GET /payment-gateway/api/v1/payments/card/ HTTP/1.1" 500 71324
2017-12-22 10:24:54,560 django.server ERROR    "POST /payment-gateway/api/v1/payments/card/ HTTP/1.1" 500 70779
2017-12-22 10:25:15,000 django.server ERROR    "POST /payment-gateway/api/v1/payments/card/ HTTP/1.1" 500 70779
2017-12-22 10:25:16,277 django.server ERROR    "POST /payment-gateway/api/v1/payments/card/ HTTP/1.1" 500 70779
2017-12-22 10:26:12,028 django.server ERROR    [['  File "C:\\Users\\stylesm\\Desktop\\test\\OFS-MORE-Beta-Secured\\source\\payment_gateway\\application\\views.py", line 23, in place_order', '    serializer = OrderSerializer(data=request.data)', "AttributeError: 'WSGIRequest' object has no attribute 'data'"]]
2017-12-22 10:26:12,032 django.server ERROR    "POST /payment-gateway/api/v1/payments/card/ HTTP/1.1" 500 2
2017-12-22 10:29:02,872 django.server ERROR    [['  File "C:\\Users\\stylesm\\Desktop\\test\\OFS-MORE-Beta-Secured\\source\\payment_gateway\\application\\views.py", line 23, in place_order', '    serializer = OrderSerializer(data=request.data)', "AttributeError: 'WSGIRequest' object has no attribute 'data'"]]
2017-12-22 10:29:02,879 django.server ERROR    "POST /payment-gateway/api/v1/payments/card/ HTTP/1.1" 500 2
2017-12-22 10:30:45,026 django.server INFO     "GET /payment-gateway/static/swagger/index.html HTTP/1.1" 304 0
2017-12-22 10:30:45,276 django.server INFO     "GET /payment-gateway/static/swagger/swagger-ui.css HTTP/1.1" 304 0
2017-12-22 10:30:45,380 django.server INFO     "GET /payment-gateway/static/swagger/swagger-ui-bundle.js HTTP/1.1" 304 0
2017-12-22 10:30:45,382 django.server INFO     "GET /payment-gateway/static/swagger/swagger-ui-standalone-preset.js HTTP/1.1" 304 0
2017-12-22 10:30:45,387 django.server INFO     "GET /payment-gateway/static/swagger/print.css HTTP/1.1" 304 0
2017-12-22 10:30:45,726 django.server INFO     "GET /payment-gateway/static/swagger/worldpay.json HTTP/1.1" 304 0
2017-12-22 10:30:46,280 django.server INFO     "GET /payment-gateway/static/swagger/favicon-32x32.png HTTP/1.1" 200 1141
2017-12-22 10:30:46,556 django.server INFO     "GET /payment-gateway/static/swagger/favicon-16x16.png HTTP/1.1" 304 0
2017-12-22 10:30:50,239 django.server ERROR    [['  File "C:\\Users\\stylesm\\Desktop\\test\\OFS-MORE-Beta-Secured\\source\\payment_gateway\\application\\views.py", line 23, in place_order', '    serializer = OrderSerializer(data=request.data)', "AttributeError: 'WSGIRequest' object has no attribute 'data'"]]
2017-12-22 10:30:50,244 django.server ERROR    "POST /payment-gateway/api/v1/payments/card/ HTTP/1.1" 500 2
2017-12-22 10:35:05,180 django.server ERROR    [['  File "C:\\Users\\stylesm\\Desktop\\test\\OFS-MORE-Beta-Secured\\source\\payment_gateway\\application\\views.py", line 32, in place_order', '    serializer = OrderSerializer(data=request.data)', "AttributeError: 'WSGIRequest' object has no attribute 'data'"]]
2017-12-22 10:35:05,183 django.server ERROR    "POST /payment-gateway/api/v1/payments/card/ HTTP/1.1" 500 2
2017-12-22 10:38:58,436 django.server ERROR    [['  File "C:\\Users\\stylesm\\Desktop\\test\\OFS-MORE-Beta-Secured\\source\\payment_gateway\\application\\views.py", line 32, in place_order', '    serializer = OrderSerializer(data=request.data)', "AttributeError: 'WSGIRequest' object has no attribute 'data'"]]
2017-12-22 10:40:48,714 django.server ERROR    [['  File "C:\\Users\\stylesm\\Desktop\\test\\OFS-MORE-Beta-Secured\\source\\payment_gateway\\application\\views.py", line 28, in place_order', '    serializer = OrderSerializer(data=request.data)', "AttributeError: 'WSGIRequest' object has no attribute 'data'"]]
2017-12-22 10:40:56,925 django.server ERROR    [['  File "C:\\Users\\stylesm\\Desktop\\test\\OFS-MORE-Beta-Secured\\source\\payment_gateway\\application\\views.py", line 28, in place_order', '    serializer = OrderSerializer(data=request.data)', "AttributeError: 'WSGIRequest' object has no attribute 'data'"]]
2017-12-22 10:40:56,930 django.server ERROR    "POST /payment-gateway/api/v1/payments/card/ HTTP/1.1" 500 2
2017-12-22 10:41:32,568 django.server ERROR    [['  File "C:\\Users\\stylesm\\Desktop\\test\\OFS-MORE-Beta-Secured\\source\\payment_gateway\\application\\views.py", line 33, in place_order', '    err = formatError(serializer.errors)', "NameError: name 'formatError' is not defined"]]
2017-12-22 10:41:32,572 django.server ERROR    "POST /payment-gateway/api/v1/payments/card/ HTTP/1.1" 500 2
2017-12-22 10:42:08,565 django.server ERROR    Django serialization error: 'expiry_month' 'This field is required.', 'expiry_year': 'This field is required.', 'customer_order_code': 'This field is required.', 'order_desc': 'This field is required.', 'cc_number': 'This field is required.', 'currency_code': 'This field is required.', 'name': 'This field is required.'
2017-12-22 10:42:08,570 django.server ERROR    [['  File "C:\\Users\\stylesm\\Desktop\\test\\OFS-MORE-Beta-Secured\\source\\payment_gateway\\application\\views.py", line 35, in place_order', '    return JsonResponse({"message": err[0] + err[1], "error":"Bad Request"}, status=status.HTTP_400_BAD_REQUEST)', "NameError: name 'status' is not defined"]]
2017-12-22 10:42:08,574 django.server ERROR    "POST /payment-gateway/api/v1/payments/card/ HTTP/1.1" 500 2
2017-12-22 10:42:54,699 django.server ERROR    [['  File "C:\\Python 3.5\\lib\\json\\__init__.py", line 312, in loads', '    s.__class__.__name__))', "TypeError: the JSON object must be str, not 'dict'"]]
2017-12-22 10:42:54,702 django.server ERROR    "POST /payment-gateway/api/v1/payments/card/ HTTP/1.1" 500 2
2017-12-22 10:45:29,537 django.server ERROR    Django serialization error: 'cc_number' 'This field is required.', 'currency_code': 'This field is required.', 'name': 'This field is required.', 'expiry_month': 'This field is required.', 'order_desc': 'This field is required.', 'expiry_year': 'This field is required.', 'customer_order_code': 'This field is required.'
2017-12-22 10:45:29,541 django.server ERROR    [['  File "C:\\Users\\stylesm\\Desktop\\test\\OFS-MORE-Beta-Secured\\source\\payment_gateway\\application\\views.py", line 35, in place_order', '    return JsonResponse({"message": err[0] + err[1], "error":"Bad Request"}, status=status.HTTP_400_BAD_REQUEST)', "NameError: name 'status' is not defined"]]
2017-12-22 10:45:29,545 django.server ERROR    "POST /payment-gateway/api/v1/payments/card/ HTTP/1.1" 500 2
2017-12-22 10:46:07,726 django.server ERROR    Django serialization error: 'name' 'This field is required.', 'cc_number': 'This field is required.', 'order_desc': 'This field is required.', 'customer_order_code': 'This field is required.', 'currency_code': 'This field is required.', 'expiry_year': 'This field is required.', 'expiry_month': 'This field is required.'
2017-12-22 10:46:07,733 django.server WARNING  "POST /payment-gateway/api/v1/payments/card/ HTTP/1.1" 400 331
2017-12-22 10:47:13,328 django.server ERROR    [['  File "C:\\Python 3.5\\lib\\site-packages\\rest_framework\\serializers.py", line 1242, in build_unknown_field', '    (field_name, model_class.__name__)', 'django.core.exceptions.ImproperlyConfigured: Field name `name` is not valid for model `OrderRequest`.']]
2017-12-22 10:47:13,334 django.server ERROR    "POST /payment-gateway/api/v1/payments/card/ HTTP/1.1" 500 2
2017-12-22 10:47:55,749 django.server ERROR    "POST /payment-gateway/api/v1/payments/card/ HTTP/1.1" 500 77838
2017-12-22 10:48:39,198 django.server ERROR    "POST /payment-gateway/api/v1/payments/card/ HTTP/1.1" 500 22
2017-12-22 10:48:53,951 django.server INFO     "POST /payment-gateway/api/v1/payments/card/ HTTP/1.1" 200 22
2017-12-22 10:52:53,300 django.server ERROR    [['  File "C:\\Users\\stylesm\\Desktop\\test\\OFS-MORE-Beta-Secured\\source\\payment_gateway\\application\\views.py", line 48, in order_request', '    "name": data[\'name\'],', "KeyError: 'name'"]]
2017-12-22 10:52:53,305 django.server ERROR    "POST /payment-gateway/api/v1/payments/card/ HTTP/1.1" 500 2
2017-12-22 10:53:57,066 django.server ERROR    [['  File "C:\\Users\\stylesm\\Desktop\\test\\OFS-MORE-Beta-Secured\\source\\payment_gateway\\application\\views.py", line 45, in order_request', "    name = data['name']", "KeyError: 'name'"]]
2017-12-22 10:53:57,074 django.server ERROR    "POST /payment-gateway/api/v1/payments/card/ HTTP/1.1" 500 2
2017-12-22 10:55:01,286 django.server INFO     "POST /payment-gateway/api/v1/payments/card/ HTTP/1.1" 200 22
2017-12-22 10:57:26,565 django.server ERROR    [['  File "C:\\Users\\stylesm\\Desktop\\test\\OFS-MORE-Beta-Secured\\source\\payment_gateway\\application\\views.py", line 62, in order_request', "    response = self.client.post('/payment-gateway/api/v1/payments/card/' , json.dumps(requestData), 'application/json', header=header)", "NameError: name 'self' is not defined"]]
2017-12-22 10:57:26,572 django.server ERROR    "POST /payment-gateway/api/v1/payments/card/ HTTP/1.1" 500 2
2017-12-22 10:57:50,759 django.server ERROR    [['  File "C:\\Users\\stylesm\\Desktop\\test\\OFS-MORE-Beta-Secured\\source\\payment_gateway\\application\\views.py", line 62, in order_request', "    response = self.client.post('/payment-gateway/api/v1/payments/card/' , json.dumps(requestData), header=header)", "NameError: name 'self' is not defined"]]
2017-12-22 10:57:50,762 django.server ERROR    "POST /payment-gateway/api/v1/payments/card/ HTTP/1.1" 500 2
2017-12-22 10:58:17,952 django.server ERROR    [['  File "C:\\Users\\stylesm\\Desktop\\test\\OFS-MORE-Beta-Secured\\source\\payment_gateway\\application\\views.py", line 62, in order_request', "    response = self.client.post(url , json.dumps(requestData), 'application/json', header=header)", "NameError: name 'self' is not defined"]]
2017-12-22 10:58:17,956 django.server ERROR    "POST /payment-gateway/api/v1/payments/card/ HTTP/1.1" 500 2
2017-12-22 10:59:18,874 django.server ERROR    [['  File "C:\\Users\\stylesm\\Desktop\\test\\OFS-MORE-Beta-Secured\\source\\payment_gateway\\application\\views.py", line 61, in order_request', '    self.client = Client()', "NameError: name 'Client' is not defined"]]
2017-12-22 10:59:18,878 django.server ERROR    "POST /payment-gateway/api/v1/payments/card/ HTTP/1.1" 500 2
2017-12-22 10:59:35,845 django.server ERROR    [['  File "C:\\Users\\stylesm\\Desktop\\test\\OFS-MORE-Beta-Secured\\source\\payment_gateway\\application\\views.py", line 62, in order_request', '    self.client = Client()', "NameError: name 'self' is not defined"]]
2017-12-22 10:59:35,853 django.server ERROR    "POST /payment-gateway/api/v1/payments/card/ HTTP/1.1" 500 2
2017-12-22 11:00:13,066 django.server INFO     "POST /payment-gateway/api/v1/payments/card/ HTTP/1.1" 200 22
2017-12-22 11:00:44,926 django.server INFO     "POST /payment-gateway/api/v1/payments/card/ HTTP/1.1" 200 22
2017-12-22 11:01:48,247 django.server ERROR    [['  File "C:\\Python 3.5\\lib\\site-packages\\django\\test\\client.py", line 199, in encode_multipart', '    for (key, value) in data.items():', "AttributeError: 'str' object has no attribute 'items'"]]
2017-12-22 11:01:48,250 django.server ERROR    "POST /payment-gateway/api/v1/payments/card/ HTTP/1.1" 500 2
2017-12-22 11:02:53,411 django.server ERROR    [['  File "C:\\Python 3.5\\lib\\site-packages\\requests\\api.py", line 58, in request', '    return session.request(method=method, url=url, **kwargs)', "TypeError: request() got an unexpected keyword argument 'header'"]]
2017-12-22 11:02:53,415 django.server ERROR    "POST /payment-gateway/api/v1/payments/card/ HTTP/1.1" 500 2
2017-12-22 11:04:36,559 django.server INFO     "POST /payment-gateway/api/v1/payments/card/ HTTP/1.1" 200 22
2017-12-22 11:07:46,087 django.server ERROR    [['  File "C:\\Users\\stylesm\\Desktop\\test\\OFS-MORE-Beta-Secured\\source\\payment_gateway\\application\\views.py", line 64, in order_request', "    print(r['body'])", "TypeError: 'Response' object is not subscriptable"]]
2017-12-22 11:07:46,094 django.server ERROR    "POST /payment-gateway/api/v1/payments/card/ HTTP/1.1" 500 2
2017-12-22 11:08:44,660 django.server INFO     "POST /payment-gateway/api/v1/payments/card/ HTTP/1.1" 200 22
2017-12-22 11:11:52,177 django.server INFO     "POST /payment-gateway/api/v1/payments/card/ HTTP/1.1" 200 22
2017-12-22 11:13:44,840 django.server INFO     "POST /payment-gateway/api/v1/payments/card/ HTTP/1.1" 200 22
2017-12-22 11:15:16,592 django.server ERROR    Django serialization error: 'amount' 'This field is required.'
2017-12-22 11:15:16,593 django.server WARNING  "POST /payment-gateway/api/v1/payments/card/ HTTP/1.1" 400 73
2017-12-22 11:15:59,692 django.server INFO     "POST /payment-gateway/api/v1/payments/card/ HTTP/1.1" 200 22
2017-12-22 11:22:10,649 django.server INFO     "POST /payment-gateway/api/v1/payments/card/ HTTP/1.1" 200 22
2017-12-22 11:22:39,659 django.server INFO     "POST /payment-gateway/api/v1/payments/card/ HTTP/1.1" 200 22
2017-12-22 11:22:49,524 django.server INFO     "POST /payment-gateway/api/v1/payments/card/ HTTP/1.1" 200 22
2017-12-22 11:27:33,297 django.server INFO     "GET /payment-gateway/static/swagger/index.html HTTP/1.1" 304 0
2017-12-22 11:27:33,935 django.server INFO     "GET /payment-gateway/static/swagger/favicon-32x32.png HTTP/1.1" 200 1141
2017-12-22 11:27:41,800 django.server INFO     "POST /payment-gateway/api/v1/payments/card/ HTTP/1.1" 200 22
2017-12-22 11:27:59,351 django.server INFO     "GET /payment-gateway/static/swagger/index.html HTTP/1.1" 304 0
2017-12-22 11:28:00,192 django.server INFO     "GET /payment-gateway/static/swagger/favicon-32x32.png HTTP/1.1" 200 1141
2017-12-22 11:28:04,730 django.server INFO     "GET /payment-gateway/static/swagger/index.html HTTP/1.1" 200 3830
2017-12-22 11:28:04,969 django.server INFO     "GET /payment-gateway/static/swagger/swagger-ui.css HTTP/1.1" 200 33780
2017-12-22 11:28:05,088 django.server INFO     "GET /payment-gateway/static/swagger/print.css HTTP/1.1" 200 48011
2017-12-22 11:28:05,105 django.server INFO     "GET /payment-gateway/static/swagger/swagger-ui-standalone-preset.js HTTP/1.1" 200 337975
2017-12-22 11:28:05,134 django.server INFO     "GET /payment-gateway/static/swagger/swagger-ui-bundle.js HTTP/1.1" 200 1527907
2017-12-22 11:28:05,482 django.server INFO     "GET /payment-gateway/static/swagger/worldpay.json HTTP/1.1" 200 10555
2017-12-22 11:28:06,124 django.server INFO     "GET /payment-gateway/static/swagger/favicon-32x32.png HTTP/1.1" 200 1141
2017-12-22 11:28:11,199 django.server INFO     "POST /payment-gateway/api/v1/payments/card/ HTTP/1.1" 200 22
2017-12-22 11:28:43,218 django.server INFO     "GET /payment-gateway/static/swagger/index.html HTTP/1.1" 304 0
2017-12-22 11:28:43,763 django.server INFO     "GET /payment-gateway/static/swagger/worldpay.json HTTP/1.1" 200 10556
2017-12-22 11:28:44,431 django.server INFO     "GET /payment-gateway/static/swagger/favicon-32x32.png HTTP/1.1" 200 1141
2017-12-22 11:28:51,689 django.server INFO     "POST /payment-gateway/api/v1/payments/card/ HTTP/1.1" 200 22
2017-12-22 11:30:31,706 django.server INFO     "POST /payment-gateway/api/v1/payments/card/ HTTP/1.1" 200 879
2017-12-22 11:35:36,146 django.server INFO     "POST /payment-gateway/api/v1/payments/card/ HTTP/1.1" 200 879
2017-12-22 11:38:43,105 django.server WARNING  "PUT /payment-gateway/api/v1/payments/api-key/ HTTP/1.1" 404 2535
2017-12-22 11:39:11,934 django.server ERROR    "PUT /payment-gateway/api/v1/payments/api-key/ HTTP/1.1" 500 70216
2017-12-22 11:40:09,044 django.server ERROR    "PUT /payment-gateway/api/v1/payments/api-key/ HTTP/1.1" 500 16368
2017-12-22 11:40:30,291 django.server ERROR    [['  File "C:\\Users\\stylesm\\Desktop\\test\\OFS-MORE-Beta-Secured\\source\\payment_gateway\\application\\views.py", line 50, in change_api_key', "    apiKey = data['apiKey']", "NameError: name 'data' is not defined"]]
2017-12-22 11:40:30,292 django.server ERROR    "PUT /payment-gateway/api/v1/payments/api-key/ HTTP/1.1" 500 2
2017-12-22 11:41:46,017 django.server INFO     "PUT /payment-gateway/api/v1/payments/api-key/ HTTP/1.1" 200 43
2017-12-22 11:42:01,392 django.server INFO     "POST /payment-gateway/api/v1/payments/card/ HTTP/1.1" 200 879
2017-12-22 12:00:11,042 django.server INFO     "POST /payment-gateway/api/v1/payments/card/ HTTP/1.1" 200 879
2017-12-22 12:01:03,309 django.server INFO     "POST /payment-gateway/api/v1/payments/card/ HTTP/1.1" 200 879
2017-12-22 12:01:32,782 django.server INFO     "POST /payment-gateway/api/v1/payments/card/ HTTP/1.1" 200 551
2017-12-22 12:03:22,673 django.server ERROR    [['  File "C:\\Users\\stylesm\\Desktop\\test\\OFS-MORE-Beta-Secured\\source\\payment_gateway\\application\\views.py", line 80, in order_request', "    if r['httpStatusCode']!=200:", "TypeError: 'Response' object is not subscriptable"]]
2017-12-22 12:03:22,675 django.server ERROR    "POST /payment-gateway/api/v1/payments/card/ HTTP/1.1" 500 2
2017-12-22 12:09:30,925 django.server WARNING  "POST /payment-gateway/api/v1/payments/card/ HTTP/1.1" 400 551
2017-12-22 12:14:41,412 django.server ERROR    [['  File "C:\\Users\\stylesm\\Desktop\\test\\OFS-MORE-Beta-Secured\\source\\payment_gateway\\application\\views.py", line 78, in order_request', '    if r.status_code == 200:', "UnboundLocalError: local variable 'r' referenced before assignment"]]
2017-12-22 12:14:41,413 django.server ERROR    "POST /payment-gateway/api/v1/payments/card/ HTTP/1.1" 500 2
2017-12-22 12:15:14,088 django.server WARNING  "POST /payment-gateway/api/v1/payments/card/ HTTP/1.1" 400 551
2017-12-22 12:15:27,758 django.server ERROR    [['  File "C:\\Users\\stylesm\\Desktop\\test\\OFS-MORE-Beta-Secured\\source\\payment_gateway\\application\\views.py", line 80, in order_request', '    sendEmail()', "TypeError: sendEmail() missing 1 required positional argument: 'self'"]]
2017-12-22 12:15:27,760 django.server ERROR    "POST /payment-gateway/api/v1/payments/card/ HTTP/1.1" 500 2
2017-12-22 12:17:22,698 django.server ERROR    [['  File "C:\\Users\\stylesm\\Desktop\\test\\OFS-MORE-Beta-Secured\\source\\payment_gateway\\application\\views.py", line 80, in order_request', '    sendEmail()', "TypeError: sendEmail() missing 1 required positional argument: 'self'"]]
2017-12-22 12:17:22,699 django.server ERROR    "POST /payment-gateway/api/v1/payments/card/ HTTP/1.1" 500 2
2017-12-22 12:17:47,394 django.server INFO     "GET /payment-gateway/static/swagger/index.html HTTP/1.1" 304 0
2017-12-22 12:17:47,811 django.server INFO     "GET /payment-gateway/static/swagger/worldpay.json HTTP/1.1" 304 0
2017-12-22 12:17:48,399 django.server INFO     "GET /payment-gateway/static/swagger/favicon-32x32.png HTTP/1.1" 200 1141
2017-12-22 12:17:53,837 django.server ERROR    [['  File "C:\\Users\\stylesm\\Desktop\\test\\OFS-MORE-Beta-Secured\\source\\payment_gateway\\application\\views.py", line 80, in order_request', '    sendEmail()', "TypeError: sendEmail() missing 1 required positional argument: 'self'"]]
2017-12-22 12:17:53,838 django.server ERROR    "POST /payment-gateway/api/v1/payments/card/ HTTP/1.1" 500 2
2017-12-22 12:19:46,034 django.server ERROR    [['  File "C:\\Users\\stylesm\\Desktop\\test\\OFS-MORE-Beta-Secured\\source\\payment_gateway\\application\\views.py", line 80, in order_request', '    res = sendEmail()', "TypeError: sendEmail() missing 1 required positional argument: 'self'"]]
2017-12-22 12:19:46,035 django.server ERROR    "POST /payment-gateway/api/v1/payments/card/ HTTP/1.1" 500 2
2017-12-22 12:20:31,659 django.server ERROR    [['  File "C:\\Users\\stylesm\\Desktop\\test\\OFS-MORE-Beta-Secured\\source\\payment_gateway\\application\\views.py", line 81, in order_request', '    if res.status_code == 200:', "AttributeError: 'NoneType' object has no attribute 'status_code'"]]
2017-12-22 12:20:31,660 django.server ERROR    "POST /payment-gateway/api/v1/payments/card/ HTTP/1.1" 500 2
2017-12-22 12:21:07,038 django.server INFO     "POST /payment-gateway/api/v1/payments/card/ HTTP/1.1" 201 879
2017-12-22 12:21:30,730 django.server INFO     "POST /payment-gateway/api/v1/payments/card/ HTTP/1.1" 200 879
2017-12-22 12:58:56,914 django.server INFO     "GET /payment-gateway/static/swagger/index.html HTTP/1.1" 304 0
2017-12-22 12:58:57,342 django.server INFO     "GET /payment-gateway/static/swagger/worldpay.json HTTP/1.1" 304 0
2017-12-22 12:58:58,002 django.server INFO     "GET /payment-gateway/static/swagger/favicon-32x32.png HTTP/1.1" 200 1141
2017-12-22 12:59:07,113 django.server INFO     "PUT /payment-gateway/api/v1/payments/api-key/ HTTP/1.1" 200 43
2017-12-22 12:59:17,509 django.server INFO     "POST /payment-gateway/api/v1/payments/card/ HTTP/1.1" 200 879
2017-12-22 13:16:12,783 django.server INFO     "PUT /payment-gateway/api/v1/payments/api-key/ HTTP/1.1" 200 43
2017-12-22 13:16:28,520 django.server INFO     "PUT /payment-gateway/api/v1/payments/api-key/ HTTP/1.1" 200 43
2017-12-22 13:16:33,965 django.server INFO     "POST /payment-gateway/api/v1/payments/card/ HTTP/1.1" 200 879
2017-12-22 13:17:11,129 django.server INFO     "PUT /payment-gateway/api/v1/payments/api-key/ HTTP/1.1" 200 43
2017-12-22 13:17:21,412 django.server INFO     "POST /payment-gateway/api/v1/payments/card/ HTTP/1.1" 200 879
2017-12-22 13:17:47,066 django.server INFO     "PUT /payment-gateway/api/v1/payments/api-key/ HTTP/1.1" 200 43
2017-12-22 13:17:52,062 django.server WARNING  "POST /payment-gateway/api/v1/payments/card/ HTTP/1.1" 401 494
2017-12-22 14:38:25,947 django.server ERROR    Django serialization error: 'amount' 'This field is required.'
2017-12-22 14:42:28,661 django.server ERROR    Django serialization error: 'amount' 'This field is required.'
2017-12-22 14:43:26,176 django.server ERROR    Django serialization error: 'amount' 'This field is required.'
2017-12-22 14:43:55,957 django.server ERROR    Django serialization error: 'amount' 'This field is required.'
2017-12-22 14:44:17,819 django.server ERROR    Django serialization error: 'amount' 'This field is required.'
2017-12-22 14:44:55,216 django.server ERROR    Django serialization error: 'amount' 'This field is required.'
2017-12-22 14:46:14,939 django.server ERROR    Django serialization error: 'amount' 'This field is required.'
2017-12-22 14:46:45,188 django.server ERROR    Django serialization error: 'amount' 'This field is required.'
2017-12-22 14:47:33,799 django.server ERROR    Django serialization error: 'amount' 'This field is required.'
2017-12-22 14:48:07,379 django.server ERROR    Django serialization error: 'amount' 'This field is required.'
2017-12-22 14:48:24,962 django.server ERROR    Django serialization error: 'amount' 'This field is required.'
2017-12-22 15:04:53,680 django.server ERROR    Django serialization error: 'amount' 'This field is required.'
2017-12-22 15:05:45,481 django.server ERROR    Django serialization error: 'amount' 'This field is required.'
2017-12-22 15:06:20,824 django.server ERROR    Django serialization error: 'amount' 'This field is required.'
2017-12-22 16:09:13,914 django.server ERROR    Django serialization error: 'amount' 'This field is required.'
2017-12-27 09:20:24,139 django.server WARNING  "GET /static/swagger/index.html HTTP/1.1" 404 2485
2017-12-27 09:20:24,338 django.server WARNING  "GET /favicon.ico HTTP/1.1" 404 2443
2017-12-27 09:20:38,673 django.server INFO     "GET /payment-gateway/static/swagger/index.html HTTP/1.1" 304 0
2017-12-27 09:20:38,694 django.server INFO     "GET /payment-gateway/static/swagger/swagger-ui-bundle.js HTTP/1.1" 304 0
2017-12-27 09:20:38,695 django.server INFO     "GET /payment-gateway/static/swagger/swagger-ui.css HTTP/1.1" 304 0
2017-12-27 09:20:38,698 django.server INFO     "GET /payment-gateway/static/swagger/swagger-ui-standalone-preset.js HTTP/1.1" 304 0
2017-12-27 09:20:38,721 django.server INFO     "GET /payment-gateway/static/swagger/print.css HTTP/1.1" 304 0
2017-12-27 09:20:39,169 django.server INFO     "GET /payment-gateway/static/swagger/worldpay.json HTTP/1.1" 200 10556
2017-12-27 09:20:53,872 django.server ERROR    [['  File "C:\\Users\\stylesm\\Desktop\\test\\OFS-MORE-Beta-Secured\\source\\payment_gateway\\application\\views.py", line 81, in order_request', '    res = sendEmail("matthew.styles@informed.com")', "NameError: name 'sendEmail' is not defined"]]
2017-12-27 09:20:53,874 django.server ERROR    "POST /payment-gateway/api/v1/payments/card/ HTTP/1.1" 500 2
2017-12-27 09:22:24,074 django.server INFO     "POST /payment-gateway/api/v1/payments/card/ HTTP/1.1" 200 879
2017-12-27 09:23:53,892 django.server ERROR    Django serialization error: 'amount' 'This field is required.'
2017-12-27 16:04:17,976 django.server INFO     "POST /payment-gateway/api/v1/payments/card/ HTTP/1.1" 200 879
2017-12-27 16:04:31,361 django.server ERROR    Django serialization error: 'amount' 'This field is required.'
2018-01-04 17:02:47,207 django.server INFO     "GET /payment-gateway/static/swagger/index.html HTTP/1.1" 200 3830
2018-01-04 17:02:47,277 django.server INFO     "GET /payment-gateway/static/swagger/swagger-ui.css HTTP/1.1" 200 33780
2018-01-04 17:02:47,314 django.server INFO     "GET /payment-gateway/static/swagger/swagger-ui-standalone-preset.js HTTP/1.1" 200 337975
2018-01-04 17:02:47,337 django.server INFO     "GET /payment-gateway/static/swagger/swagger-ui-bundle.js HTTP/1.1" 200 1527907
2018-01-04 17:02:47,442 django.server INFO     "GET /payment-gateway/static/swagger/index.html HTTP/1.1" 304 0
2018-01-04 17:02:47,472 django.server INFO     "GET /payment-gateway/static/swagger/print.css HTTP/1.1" 200 48011
2018-01-04 17:02:48,619 django.server INFO     "GET /payment-gateway/static/swagger/worldpay.json HTTP/1.1" 200 10556
2018-01-04 17:02:49,132 django.server INFO     "GET /payment-gateway/static/swagger/favicon-32x32.png HTTP/1.1" 200 1141
2018-01-04 17:02:49,197 django.server INFO     "GET /payment-gateway/static/swagger/favicon-16x16.png HTTP/1.1" 200 445
2018-01-04 17:02:56,458 django.server WARNING  "POST /payment-gateway/api/v1/payments/card/ HTTP/1.1" 405 41
2018-01-04 17:03:20,399 django.server WARNING  "POST /payment-gateway/api/v1/payments/card/ HTTP/1.1" 405 41
2018-01-04 17:04:45,823 django.server WARNING  "POST /payment-gateway/api/v1/payments/card/ HTTP/1.1" 405 41
2018-01-04 17:05:08,349 django.server WARNING  "POST /payment-gateway/api/v1/payments/card/ HTTP/1.1" 405 41
2018-01-04 17:06:33,385 django.server INFO     "GET /payment-gateway/static/swagger/index.html HTTP/1.1" 200 3830
2018-01-04 17:06:33,473 django.server INFO     "GET /payment-gateway/static/swagger/swagger-ui.css HTTP/1.1" 200 33780
2018-01-04 17:06:33,491 django.server INFO     "GET /payment-gateway/static/swagger/swagger-ui-standalone-preset.js HTTP/1.1" 200 337975
2018-01-04 17:06:33,525 django.server INFO     "GET /payment-gateway/static/swagger/print.css HTTP/1.1" 200 48011
2018-01-04 17:06:33,535 django.server INFO     "GET /payment-gateway/static/swagger/swagger-ui-bundle.js HTTP/1.1" 200 1527907
2018-01-04 17:06:33,910 django.server INFO     "GET /payment-gateway/static/swagger/worldpay.json HTTP/1.1" 200 10556
2018-01-04 17:06:33,929 django.server INFO     "GET /payment-gateway/static/swagger/favicon-32x32.png HTTP/1.1" 200 1141
2018-01-04 17:06:38,796 django.server WARNING  "POST /payment-gateway/api/v1/payments/card/ HTTP/1.1" 405 41
2018-01-04 17:10:58,264 django.server WARNING  "POST /payment-gateway/api/v1/payments/card/ HTTP/1.1" 405 41
2018-01-04 17:11:42,327 django.server INFO     "POST /payment-gateway/api/v1/payments/card/ HTTP/1.1" 200 879
2018-01-04 17:13:05,176 django.server INFO     "GET /payment-gateway/static/swagger/index.html HTTP/1.1" 304 0
2018-01-04 17:13:05,946 django.server INFO     "GET /payment-gateway/static/swagger/favicon-32x32.png HTTP/1.1" 200 1141
2018-01-04 17:13:23,448 django.server INFO     "GET /payment-gateway/static/swagger/index.html HTTP/1.1" 200 3830
2018-01-04 17:13:23,503 django.server INFO     "GET /payment-gateway/static/swagger/swagger-ui.css HTTP/1.1" 200 33780
2018-01-04 17:13:23,542 django.server INFO     "GET /payment-gateway/static/swagger/swagger-ui-standalone-preset.js HTTP/1.1" 200 337975
2018-01-04 17:13:23,557 django.server INFO     "GET /payment-gateway/static/swagger/swagger-ui-bundle.js HTTP/1.1" 200 1527907
2018-01-04 17:13:23,626 django.server INFO     "GET /payment-gateway/static/swagger/print.css HTTP/1.1" 200 48011
2018-01-04 17:13:23,974 django.server INFO     "GET /payment-gateway/static/swagger/worldpay.json HTTP/1.1" 200 10560
2018-01-04 17:13:24,406 django.server INFO     "GET /payment-gateway/static/swagger/favicon-32x32.png HTTP/1.1" 200 1141
2018-01-04 17:13:44,206 django.server INFO     "POST /payment-gateway/api/v1/payments/card/ HTTP/1.1" 200 879
2018-01-04 17:13:58,044 django.server INFO     "GET /payment-gateway/api/v1/payments/get/6e35a821-579c-4705-9744-9dff40900efa HTTP/1.1" 301 0
2018-01-04 17:13:58,323 django.server INFO     "GET /payment-gateway/api/v1/payments/get/6e35a821-579c-4705-9744-9dff40900efa/ HTTP/1.1" 200 296
2018-01-04 17:17:08,087 django.server INFO     "GET /payment-gateway/api/v1/payments/get/6e35a821-579c-4705-9744-9dff40900efa/ HTTP/1.1" 200 296
2018-01-04 17:19:25,107 django.server INFO     "GET /payment-gateway/api/v1/payments/get/6e35a821-579c-4705-9744-9dff40900efa/ HTTP/1.1" 200 364
2018-01-04 17:21:06,660 django.server INFO     "GET /payment-gateway/api/v1/payments/get/6e35a821-579c-4705-9744-9dff40900efa/ HTTP/1.1" 200 364
2018-01-04 17:22:01,014 django.server INFO     "GET /payment-gateway/static/swagger/index.html HTTP/1.1" 304 0
2018-01-04 17:22:01,475 django.server INFO     "GET /payment-gateway/static/swagger/worldpay.json HTTP/1.1" 304 0
2018-01-04 17:22:01,823 django.server INFO     "GET /payment-gateway/static/swagger/favicon-32x32.png HTTP/1.1" 200 1141
2018-01-04 17:22:20,948 django.server INFO     "GET /payment-gateway/api/v1/payments/get/6e35a821-579c-4705-9744-9dff40900efa/ HTTP/1.1" 200 364
2018-01-05 09:09:09,302 django.server INFO     "GET /payment-gateway/static/swagger/index.html HTTP/1.1" 304 0
2018-01-05 09:09:09,355 django.server INFO     "GET /payment-gateway/static/swagger/swagger-ui.css HTTP/1.1" 304 0
2018-01-05 09:09:09,357 django.server INFO     "GET /payment-gateway/static/swagger/swagger-ui-bundle.js HTTP/1.1" 304 0
2018-01-05 09:09:09,360 django.server INFO     "GET /payment-gateway/static/swagger/swagger-ui-standalone-preset.js HTTP/1.1" 304 0
2018-01-05 09:09:09,374 django.server INFO     "GET /payment-gateway/static/swagger/print.css HTTP/1.1" 304 0
2018-01-05 09:09:09,813 django.server INFO     "GET /payment-gateway/static/swagger/worldpay.json HTTP/1.1" 304 0
2018-01-05 09:09:36,822 django.server INFO     "GET /payment-gateway/api/v1/payments/get/6e35a821-579c-4705-9744-9dff40900efa/ HTTP/1.1" 200 1260
2018-01-05 16:51:47,764 django.server INFO     "GET /payment-gateway/static/swagger/index.html HTTP/1.1" 304 0
2018-01-05 16:51:48,025 django.server INFO     "GET /payment-gateway/static/swagger/swagger-ui.css HTTP/1.1" 304 0
2018-01-05 16:51:48,037 django.server INFO     "GET /payment-gateway/static/swagger/swagger-ui-bundle.js HTTP/1.1" 304 0
2018-01-05 16:51:48,038 django.server INFO     "GET /payment-gateway/static/swagger/swagger-ui-standalone-preset.js HTTP/1.1" 304 0
2018-01-05 16:51:48,074 django.server INFO     "GET /payment-gateway/static/swagger/print.css HTTP/1.1" 304 0
2018-01-05 16:51:48,424 django.server INFO     "GET /payment-gateway/static/swagger/worldpay.json HTTP/1.1" 200 10560
2018-01-05 16:52:11,819 django.server INFO     "POST /payment-gateway/api/v1/payments/card/ HTTP/1.1" 200 879
2018-01-05 16:52:46,909 django.server INFO     "GET /payment-gateway/api/v1/payments/get/a6e5dc2a-a2c9-4a83-aee3-ec4466ad8b97 HTTP/1.1" 301 0
2018-01-05 16:52:47,189 django.server INFO     "GET /payment-gateway/api/v1/payments/get/a6e5dc2a-a2c9-4a83-aee3-ec4466ad8b97/ HTTP/1.1" 200 1260
2018-01-05 16:53:30,182 django.server INFO     "GET /payment-gateway/api/v1/payments/get/a6e5dc2a-a2c9-4a83-aee3-ec4466ad8b99 HTTP/1.1" 301 0
2018-01-05 16:53:30,630 django.server INFO     "GET /payment-gateway/api/v1/payments/get/a6e5dc2a-a2c9-4a83-aee3-ec4466ad8b99/ HTTP/1.1" 200 386
2018-01-05 17:04:17,418 django.server INFO     "POST /payment-gateway/api/v1/payments/card/ HTTP/1.1" 200 879
2018-01-05 17:04:37,848 django.server INFO     "GET /payment-gateway/api/v1/payments/get/0dc3e95c-ca88-4093-9b9c-095308f9281b HTTP/1.1" 301 0
2018-01-05 17:04:38,132 django.server INFO     "GET /payment-gateway/api/v1/payments/get/0dc3e95c-ca88-4093-9b9c-095308f9281b/ HTTP/1.1" 200 1260
2018-01-05 17:07:10,680 django.server INFO     "GET /payment-gateway/static/swagger/index.html HTTP/1.1" 200 3830
2018-01-05 17:07:10,732 django.server INFO     "GET /payment-gateway/static/swagger/swagger-ui.css HTTP/1.1" 200 33780
2018-01-05 17:07:10,768 django.server INFO     "GET /payment-gateway/static/swagger/swagger-ui-standalone-preset.js HTTP/1.1" 200 337975
2018-01-05 17:07:10,780 django.server INFO     "GET /payment-gateway/static/swagger/swagger-ui-bundle.js HTTP/1.1" 200 1527907
2018-01-05 17:07:11,397 django.server INFO     "GET /payment-gateway/static/swagger/print.css HTTP/1.1" 200 48011
2018-01-05 17:07:11,813 django.server INFO     "GET /payment-gateway/static/swagger/worldpay.json HTTP/1.1" 200 10560
2018-01-05 17:07:12,075 django.server INFO     "GET /payment-gateway/static/swagger/favicon-32x32.png HTTP/1.1" 200 1141
2018-01-05 17:07:12,160 django.server INFO     "GET /payment-gateway/static/swagger/favicon-16x16.png HTTP/1.1" 304 0
2018-01-05 17:07:19,975 django.server INFO     "POST /payment-gateway/api/v1/payments/card/ HTTP/1.1" 200 879
2018-01-05 17:07:35,728 django.server INFO     "GET /payment-gateway/api/v1/payments/get/e0567fc7-1f57-48e4-927b-5207727da998 HTTP/1.1" 301 0
2018-01-05 17:07:35,957 django.server INFO     "GET /payment-gateway/api/v1/payments/get/e0567fc7-1f57-48e4-927b-5207727da998/ HTTP/1.1" 200 1257
2018-01-05 17:08:00,222 django.server INFO     "GET /payment-gateway/api/v1/payments/get/e0567fc7-1f57-48e4-927b-5207727da998/ HTTP/1.1" 200 1257
2018-01-05 17:08:26,699 django.server INFO     "GET /payment-gateway/api/v1/payments/get/e0567fc7-1f57-48e4-927b-5207727da998/ HTTP/1.1" 200 1194
2018-01-05 17:08:39,343 django.server INFO     "PUT /payment-gateway/api/v1/payments/api-key/ HTTP/1.1" 200 43
2018-01-05 17:09:19,459 django.server WARNING  "POST /payment-gateway/api/v1/payments/card/ HTTP/1.1" 401 494
2018-01-05 17:14:58,987 django.server ERROR    [['  File "C:\\Users\\stylesm\\Desktop\\test\\OFS-MORE-Beta-Secured\\source\\payment_gateway\\application\\views.py", line 82, in order_request', '    return JsonResponse(json.loads(r.text), status=r.status_code)', "NameError: name 'r' is not defined"]]
2018-01-05 17:14:59,048 django.server ERROR    Django serialization error: 'amount' 'This field is required.'
2018-01-05 17:14:59,225 django.server ERROR    [['  File "C:\\Users\\stylesm\\Desktop\\test\\OFS-MORE-Beta-Secured\\source\\payment_gateway\\application\\views.py", line 82, in order_request', '    return JsonResponse(json.loads(r.text), status=r.status_code)', "NameError: name 'r' is not defined"]]
2018-01-05 17:15:58,708 django.server INFO     "GET /payment-gateway/static/swagger/index.html HTTP/1.1" 200 3830
2018-01-05 17:15:59,126 django.server INFO     "GET /payment-gateway/static/swagger/worldpay.json HTTP/1.1" 304 0
2018-01-05 17:15:59,283 django.server INFO     "GET /payment-gateway/static/swagger/favicon-32x32.png HTTP/1.1" 200 1141
2018-01-05 17:16:09,624 django.server ERROR    [['  File "C:\\Users\\stylesm\\Desktop\\test\\OFS-MORE-Beta-Secured\\source\\payment_gateway\\application\\views.py", line 82, in order_request', '    return JsonResponse(json.loads(r.text), status=r.status_code)', "NameError: name 'r' is not defined"]]
2018-01-05 17:16:09,625 django.server ERROR    "POST /payment-gateway/api/v1/payments/card/ HTTP/1.1" 500 2
2018-01-05 17:17:17,202 django.server ERROR    Django serialization error: 'amount' 'This field is required.'
2018-01-05 17:18:06,438 django.server INFO     "GET /payment-gateway/static/swagger/index.html HTTP/1.1" 200 3830
2018-01-05 17:18:07,066 django.server INFO     "GET /payment-gateway/static/swagger/favicon-32x32.png HTTP/1.1" 200 1141
2018-01-05 17:18:17,299 django.server INFO     "POST /payment-gateway/api/v1/payments/card/ HTTP/1.1" 200 879
2018-01-05 17:18:25,829 django.server INFO     "POST /payment-gateway/api/v1/payments/card/ HTTP/1.1" 200 879
2018-01-05 17:22:56,211 django.server ERROR    Django serialization error: 'amount' 'This field is required.'
2018-01-05 17:23:32,629 django.server ERROR    Django serialization error: 'amount' 'This field is required.'
2018-01-05 17:23:56,074 django.server ERROR    Django serialization error: 'amount' 'This field is required.'
2018-01-05 17:24:11,108 django.server ERROR    Django serialization error: 'amount' 'This field is required.'
2018-01-05 17:25:20,046 django.server ERROR    Django serialization error: 'amount' 'This field is required.'
2018-01-05 17:26:29,011 django.server ERROR    Django serialization error: 'amount' 'This field is required.'
2018-01-05 17:26:47,806 django.server ERROR    Django serialization error: 'amount' 'This field is required.'
2018-01-05 17:27:03,753 django.server ERROR    Django serialization error: 'amount' 'This field is required.'
2018-01-08 09:27:39,733 django.server INFO     "GET /payment-gateway/static/swagger/index.html HTTP/1.1" 304 0
2018-01-08 09:27:40,370 django.server INFO     "GET /payment-gateway/static/swagger/swagger-ui-bundle.js HTTP/1.1" 304 0
2018-01-08 09:27:40,381 django.server INFO     "GET /payment-gateway/static/swagger/swagger-ui-standalone-preset.js HTTP/1.1" 304 0
2018-01-08 09:27:40,391 django.server INFO     "GET /payment-gateway/static/swagger/swagger-ui.css HTTP/1.1" 304 0
2018-01-08 09:27:40,419 django.server INFO     "GET /payment-gateway/static/swagger/print.css HTTP/1.1" 304 0
2018-01-08 09:27:40,979 django.server INFO     "GET /payment-gateway/static/swagger/worldpay.json HTTP/1.1" 304 0
2018-01-08 09:27:49,108 django.server INFO     "POST /payment-gateway/api/v1/payments/card/ HTTP/1.1" 200 879
2018-01-08 09:28:07,882 django.server INFO     "GET /payment-gateway/api/v1/payments/get/5f261e6f-06da-48d1-954f-aac023586f4e HTTP/1.1" 301 0
2018-01-08 09:28:08,239 django.server INFO     "GET /payment-gateway/api/v1/payments/get/5f261e6f-06da-48d1-954f-aac023586f4e/ HTTP/1.1" 200 1194
2018-01-08 09:35:30,655 django.server INFO     "GET /payment-gateway/static/swagger/index.html HTTP/1.1" 200 3830
2018-01-08 09:35:30,717 django.server INFO     "GET /payment-gateway/static/swagger/swagger-ui.css HTTP/1.1" 200 33780
2018-01-08 09:35:30,730 django.server INFO     "GET /payment-gateway/static/swagger/swagger-ui-standalone-preset.js HTTP/1.1" 200 337975
2018-01-08 09:35:30,747 django.server INFO     "GET /payment-gateway/static/swagger/swagger-ui-bundle.js HTTP/1.1" 200 1527907
2018-01-08 09:35:30,859 django.server INFO     "GET /payment-gateway/static/swagger/print.css HTTP/1.1" 200 48011
2018-01-08 09:35:31,233 django.server INFO     "GET /payment-gateway/static/swagger/worldpay.json HTTP/1.1" 200 15326
2018-01-08 09:35:31,312 django.server INFO     "GET /payment-gateway/static/swagger/favicon-32x32.png HTTP/1.1" 200 1141
2018-01-08 09:35:31,326 django.server INFO     "GET /payment-gateway/static/swagger/favicon-16x16.png HTTP/1.1" 304 0
2018-01-08 09:35:32,605 django.server INFO     "GET /payment-gateway/static/swagger/index.html HTTP/1.1" 200 3830
2018-01-08 09:35:32,640 django.server INFO     "GET /payment-gateway/static/swagger/swagger-ui.css HTTP/1.1" 200 33780
2018-01-08 09:35:32,654 django.server INFO     "GET /payment-gateway/static/swagger/swagger-ui-standalone-preset.js HTTP/1.1" 200 337975
2018-01-08 09:35:32,686 django.server INFO     "GET /payment-gateway/static/swagger/print.css HTTP/1.1" 200 48011
2018-01-08 09:35:32,694 django.server INFO     "GET /payment-gateway/static/swagger/swagger-ui-bundle.js HTTP/1.1" 200 1527907
2018-01-08 09:35:32,986 django.server INFO     "GET /payment-gateway/static/swagger/worldpay.json HTTP/1.1" 200 15326
2018-01-08 09:35:33,051 django.server INFO     "GET /payment-gateway/static/swagger/favicon-32x32.png HTTP/1.1" 200 1141
2018-01-08 09:36:25,096 django.server INFO     "GET /payment-gateway/static/swagger/index.html HTTP/1.1" 200 3830
2018-01-08 09:36:25,117 django.server INFO     "GET /payment-gateway/static/swagger/swagger-ui.css HTTP/1.1" 200 33780
2018-01-08 09:36:25,141 django.server INFO     "GET /payment-gateway/static/swagger/swagger-ui-standalone-preset.js HTTP/1.1" 200 337975
2018-01-08 09:36:25,169 django.server INFO     "GET /payment-gateway/static/swagger/print.css HTTP/1.1" 200 48011
2018-01-08 09:36:25,179 django.server INFO     "GET /payment-gateway/static/swagger/swagger-ui-bundle.js HTTP/1.1" 200 1527907
2018-01-08 09:36:25,709 django.server INFO     "GET /payment-gateway/static/swagger/worldpay.json HTTP/1.1" 200 15316
2018-01-08 09:36:25,791 django.server INFO     "GET /payment-gateway/static/swagger/favicon-32x32.png HTTP/1.1" 200 1141
2018-01-08 09:36:26,699 django.server INFO     "GET /payment-gateway/static/swagger/index.html HTTP/1.1" 200 3830
2018-01-08 09:36:26,729 django.server INFO     "GET /payment-gateway/static/swagger/swagger-ui.css HTTP/1.1" 200 33780
2018-01-08 09:36:26,749 django.server INFO     "GET /payment-gateway/static/swagger/swagger-ui-standalone-preset.js HTTP/1.1" 200 337975
2018-01-08 09:36:26,791 django.server INFO     "GET /payment-gateway/static/swagger/print.css HTTP/1.1" 200 48011
2018-01-08 09:36:26,808 django.server INFO     "GET /payment-gateway/static/swagger/swagger-ui-bundle.js HTTP/1.1" 200 1527907
2018-01-08 09:36:27,111 django.server INFO     "GET /payment-gateway/static/swagger/worldpay.json HTTP/1.1" 200 15316
2018-01-08 09:36:27,178 django.server INFO     "GET /payment-gateway/static/swagger/favicon-32x32.png HTTP/1.1" 200 1141
2018-01-08 09:37:18,950 django.server INFO     "GET /payment-gateway/static/swagger/index.html HTTP/1.1" 200 3830
2018-01-08 09:37:18,971 django.server INFO     "GET /payment-gateway/static/swagger/swagger-ui.css HTTP/1.1" 200 33780
2018-01-08 09:37:18,992 django.server INFO     "GET /payment-gateway/static/swagger/swagger-ui-standalone-preset.js HTTP/1.1" 200 337975
2018-01-08 09:37:19,015 django.server INFO     "GET /payment-gateway/static/swagger/print.css HTTP/1.1" 200 48011
2018-01-08 09:37:19,055 django.server INFO     "GET /payment-gateway/static/swagger/swagger-ui-bundle.js HTTP/1.1" 200 1527907
2018-01-08 09:37:19,557 django.server INFO     "GET /payment-gateway/static/swagger/worldpay.json HTTP/1.1" 200 14991
2018-01-08 09:37:20,126 django.server INFO     "GET /payment-gateway/static/swagger/favicon-32x32.png HTTP/1.1" 200 1141
2018-01-08 09:37:40,933 django.server INFO     "POST /payment-gateway/api/v1/payments/card/ HTTP/1.1" 200 879
2018-01-08 09:49:59,917 django.server INFO     "GET /payment-gateway/static/swagger/index.html HTTP/1.1" 200 3830
2018-01-08 09:49:59,959 django.server INFO     "GET /payment-gateway/static/swagger/swagger-ui.css HTTP/1.1" 200 33780
2018-01-08 09:50:00,005 django.server INFO     "GET /payment-gateway/static/swagger/swagger-ui-standalone-preset.js HTTP/1.1" 200 337975
2018-01-08 09:50:00,028 django.server INFO     "GET /payment-gateway/static/swagger/swagger-ui-bundle.js HTTP/1.1" 200 1527907
2018-01-08 09:50:00,175 django.server INFO     "GET /payment-gateway/static/swagger/print.css HTTP/1.1" 200 48011
2018-01-08 09:50:00,631 django.server INFO     "GET /payment-gateway/static/swagger/worldpay.json HTTP/1.1" 200 12988
2018-01-08 09:50:00,688 django.server INFO     "GET /payment-gateway/static/swagger/favicon-32x32.png HTTP/1.1" 200 1141
2018-01-08 09:50:50,776 django.server INFO     "GET /payment-gateway/static/swagger/index.html HTTP/1.1" 304 0
2018-01-08 09:50:51,241 django.server INFO     "GET /payment-gateway/static/swagger/worldpay.json HTTP/1.1" 200 12983
2018-01-08 09:50:51,580 django.server INFO     "GET /payment-gateway/static/swagger/favicon-32x32.png HTTP/1.1" 200 1141
2018-01-08 09:51:14,793 django.server INFO     "GET /payment-gateway/static/swagger/index.html HTTP/1.1" 200 3830
2018-01-08 09:51:14,836 django.server INFO     "GET /payment-gateway/static/swagger/swagger-ui.css HTTP/1.1" 200 33780
2018-01-08 09:51:14,854 django.server INFO     "GET /payment-gateway/static/swagger/swagger-ui-standalone-preset.js HTTP/1.1" 200 337975
2018-01-08 09:51:14,875 django.server INFO     "GET /payment-gateway/static/swagger/print.css HTTP/1.1" 200 48011
2018-01-08 09:51:14,902 django.server INFO     "GET /payment-gateway/static/swagger/swagger-ui-bundle.js HTTP/1.1" 200 1527907
2018-01-08 09:51:15,248 django.server INFO     "GET /payment-gateway/static/swagger/worldpay.json HTTP/1.1" 200 12973
2018-01-08 09:51:15,749 django.server INFO     "GET /payment-gateway/static/swagger/favicon-32x32.png HTTP/1.1" 200 1141
2018-01-08 09:51:53,883 django.server INFO     "GET /payment-gateway/static/swagger/index.html HTTP/1.1" 200 3830
2018-01-08 09:51:53,925 django.server INFO     "GET /payment-gateway/static/swagger/swagger-ui.css HTTP/1.1" 200 33780
2018-01-08 09:51:53,939 django.server INFO     "GET /payment-gateway/static/swagger/swagger-ui-standalone-preset.js HTTP/1.1" 200 337975
2018-01-08 09:51:53,974 django.server INFO     "GET /payment-gateway/static/swagger/swagger-ui-bundle.js HTTP/1.1" 200 1527907
2018-01-08 09:51:53,979 django.server INFO     "GET /payment-gateway/static/swagger/print.css HTTP/1.1" 200 48011
2018-01-08 09:51:54,404 django.server INFO     "GET /payment-gateway/static/swagger/worldpay.json HTTP/1.1" 200 8539
2018-01-08 09:51:54,850 django.server INFO     "GET /payment-gateway/static/swagger/favicon-32x32.png HTTP/1.1" 200 1141
2018-01-08 09:52:58,633 django.server INFO     "GET /payment-gateway/static/swagger/index.html HTTP/1.1" 200 3830
2018-01-08 09:52:58,661 django.server INFO     "GET /payment-gateway/static/swagger/swagger-ui.css HTTP/1.1" 200 33780
2018-01-08 09:52:58,670 django.server INFO     "GET /payment-gateway/static/swagger/swagger-ui-standalone-preset.js HTTP/1.1" 200 337975
2018-01-08 09:52:58,702 django.server INFO     "GET /payment-gateway/static/swagger/swagger-ui-bundle.js HTTP/1.1" 200 1527907
2018-01-08 09:52:58,709 django.server INFO     "GET /payment-gateway/static/swagger/print.css HTTP/1.1" 200 48011
2018-01-08 09:52:59,072 django.server INFO     "GET /payment-gateway/static/swagger/worldpay.json HTTP/1.1" 200 12973
2018-01-08 09:52:59,462 django.server INFO     "GET /payment-gateway/static/swagger/favicon-32x32.png HTTP/1.1" 200 1141
2018-01-08 09:53:29,255 django.server INFO     "GET /payment-gateway/static/swagger/index.html HTTP/1.1" 200 3830
2018-01-08 09:53:29,302 django.server INFO     "GET /payment-gateway/static/swagger/swagger-ui.css HTTP/1.1" 200 33780
2018-01-08 09:53:29,312 django.server INFO     "GET /payment-gateway/static/swagger/swagger-ui-standalone-preset.js HTTP/1.1" 200 337975
2018-01-08 09:53:29,337 django.server INFO     "GET /payment-gateway/static/swagger/print.css HTTP/1.1" 200 48011
2018-01-08 09:53:29,355 django.server INFO     "GET /payment-gateway/static/swagger/swagger-ui-bundle.js HTTP/1.1" 200 1527907
2018-01-08 09:53:29,762 django.server INFO     "GET /payment-gateway/static/swagger/worldpay.json HTTP/1.1" 200 12963
2018-01-08 09:53:30,265 django.server INFO     "GET /payment-gateway/static/swagger/favicon-32x32.png HTTP/1.1" 200 1141
2018-01-08 09:54:07,078 django.server INFO     "GET /payment-gateway/static/swagger/index.html HTTP/1.1" 200 3830
2018-01-08 09:54:07,118 django.server INFO     "GET /payment-gateway/static/swagger/swagger-ui.css HTTP/1.1" 200 33780
2018-01-08 09:54:07,133 django.server INFO     "GET /payment-gateway/static/swagger/swagger-ui-standalone-preset.js HTTP/1.1" 200 337975
2018-01-08 09:54:07,155 django.server INFO     "GET /payment-gateway/static/swagger/print.css HTTP/1.1" 200 48011
2018-01-08 09:54:07,166 django.server INFO     "GET /payment-gateway/static/swagger/swagger-ui-bundle.js HTTP/1.1" 200 1527907
2018-01-08 09:54:07,505 django.server INFO     "GET /payment-gateway/static/swagger/worldpay.json HTTP/1.1" 200 12964
2018-01-08 09:54:07,856 django.server INFO     "GET /payment-gateway/static/swagger/favicon-32x32.png HTTP/1.1" 200 1141
2018-01-08 09:54:15,078 django.server ERROR    Django serialization error: 'cardHolderName' 'This field is required.', 'cardNumber': 'This field is required.', 'expiryYear': 'This field is required.', 'expiryMonth': 'This field is required.', 'cvc': 'This field is required.'
2018-01-08 09:54:15,081 django.server WARNING  "POST /payment-gateway/api/v1/payments/card/ HTTP/1.1" 400 239
2018-01-08 09:54:22,745 django.server ERROR    Django serialization error: 'cardHolderName' 'This field is required.', 'cardNumber': 'This field is required.', 'expiryYear': 'This field is required.', 'expiryMonth': 'This field is required.', 'cvc': 'This field is required.'
2018-01-08 09:54:22,747 django.server WARNING  "POST /payment-gateway/api/v1/payments/card/ HTTP/1.1" 400 239
2018-01-08 09:55:46,918 django.server INFO     "GET /payment-gateway/static/swagger/index.html HTTP/1.1" 200 3830
2018-01-08 09:55:46,962 django.server INFO     "GET /payment-gateway/static/swagger/swagger-ui.css HTTP/1.1" 200 33780
2018-01-08 09:55:46,974 django.server INFO     "GET /payment-gateway/static/swagger/swagger-ui-standalone-preset.js HTTP/1.1" 200 337975
2018-01-08 09:55:47,007 django.server INFO     "GET /payment-gateway/static/swagger/print.css HTTP/1.1" 200 48011
2018-01-08 09:55:47,036 django.server INFO     "GET /payment-gateway/static/swagger/swagger-ui-bundle.js HTTP/1.1" 200 1527907
2018-01-08 09:55:47,422 django.server INFO     "GET /payment-gateway/static/swagger/worldpay.json HTTP/1.1" 200 14540
2018-01-08 09:55:47,857 django.server INFO     "GET /payment-gateway/static/swagger/favicon-32x32.png HTTP/1.1" 200 1141
2018-01-08 09:56:08,418 django.server INFO     "GET /payment-gateway/static/swagger/index.html HTTP/1.1" 200 3830
2018-01-08 09:56:08,453 django.server INFO     "GET /payment-gateway/static/swagger/swagger-ui.css HTTP/1.1" 200 33780
2018-01-08 09:56:08,464 django.server INFO     "GET /payment-gateway/static/swagger/swagger-ui-standalone-preset.js HTTP/1.1" 200 337975
2018-01-08 09:56:08,508 django.server INFO     "GET /payment-gateway/static/swagger/print.css HTTP/1.1" 200 48011
2018-01-08 09:56:08,522 django.server INFO     "GET /payment-gateway/static/swagger/swagger-ui-bundle.js HTTP/1.1" 200 1527907
2018-01-08 09:56:08,935 django.server INFO     "GET /payment-gateway/static/swagger/worldpay.json HTTP/1.1" 200 14539
2018-01-08 09:56:09,377 django.server INFO     "GET /payment-gateway/static/swagger/favicon-32x32.png HTTP/1.1" 200 1141
2018-01-08 09:56:16,051 django.server INFO     "POST /payment-gateway/api/v1/payments/card/ HTTP/1.1" 200 879
2018-01-08 10:00:00,297 django.server INFO     "GET /payment-gateway/static/swagger/index.html HTTP/1.1" 200 3830
2018-01-08 10:00:00,353 django.server INFO     "GET /payment-gateway/static/swagger/swagger-ui.css HTTP/1.1" 200 33780
2018-01-08 10:00:00,370 django.server INFO     "GET /payment-gateway/static/swagger/swagger-ui-standalone-preset.js HTTP/1.1" 200 337975
2018-01-08 10:00:00,391 django.server INFO     "GET /payment-gateway/static/swagger/swagger-ui-bundle.js HTTP/1.1" 200 1527907
2018-01-08 10:00:00,404 django.server INFO     "GET /payment-gateway/static/swagger/print.css HTTP/1.1" 200 48011
2018-01-08 10:00:01,089 django.server INFO     "GET /payment-gateway/static/swagger/worldpay.json HTTP/1.1" 200 14452
2018-01-08 10:00:01,179 django.server INFO     "GET /payment-gateway/static/swagger/favicon-32x32.png HTTP/1.1" 200 1141
2018-01-08 10:00:14,289 django.server INFO     "GET /payment-gateway/static/swagger/index.html HTTP/1.1" 200 3830
2018-01-08 10:00:14,308 django.server INFO     "GET /payment-gateway/static/swagger/swagger-ui.css HTTP/1.1" 200 33780
2018-01-08 10:00:14,329 django.server INFO     "GET /payment-gateway/static/swagger/swagger-ui-standalone-preset.js HTTP/1.1" 200 337975
2018-01-08 10:00:14,358 django.server INFO     "GET /payment-gateway/static/swagger/swagger-ui-bundle.js HTTP/1.1" 200 1527907
2018-01-08 10:00:14,455 django.server INFO     "GET /payment-gateway/static/swagger/print.css HTTP/1.1" 200 48011
2018-01-08 10:00:14,981 django.server INFO     "GET /payment-gateway/static/swagger/worldpay.json HTTP/1.1" 200 14442
2018-01-08 10:00:15,405 django.server INFO     "GET /payment-gateway/static/swagger/favicon-32x32.png HTTP/1.1" 200 1141
2018-01-08 10:00:19,963 django.server INFO     "POST /payment-gateway/api/v1/payments/card/ HTTP/1.1" 200 879
2018-01-08 10:00:52,558 django.server INFO     "GET /payment-gateway/static/swagger/index.html HTTP/1.1" 200 3830
2018-01-08 10:00:52,599 django.server INFO     "GET /payment-gateway/static/swagger/swagger-ui.css HTTP/1.1" 200 33780
2018-01-08 10:00:52,611 django.server INFO     "GET /payment-gateway/static/swagger/swagger-ui-standalone-preset.js HTTP/1.1" 200 337975
2018-01-08 10:00:52,644 django.server INFO     "GET /payment-gateway/static/swagger/swagger-ui-bundle.js HTTP/1.1" 200 1527907
2018-01-08 10:00:52,685 django.server INFO     "GET /payment-gateway/static/swagger/print.css HTTP/1.1" 200 48011
2018-01-08 10:00:53,297 django.server INFO     "GET /payment-gateway/static/swagger/worldpay.json HTTP/1.1" 200 13753
2018-01-08 10:00:53,635 django.server INFO     "GET /payment-gateway/static/swagger/favicon-32x32.png HTTP/1.1" 200 1141
2018-01-08 10:05:48,918 django.server ERROR    Django serialization error: 'amount' 'This field is required.'
2018-01-08 10:06:02,127 django.server ERROR    Django serialization error: 'amount' 'This field is required.'
2018-01-08 10:07:59,663 django.server INFO     "GET /payment-gateway/static/swagger/index.html HTTP/1.1" 304 0
2018-01-08 10:08:00,080 django.server INFO     "GET /payment-gateway/static/swagger/worldpay.json HTTP/1.1" 304 0
2018-01-08 10:08:00,385 django.server INFO     "GET /payment-gateway/static/swagger/favicon-32x32.png HTTP/1.1" 200 1141
2018-01-08 10:08:20,294 django.server INFO     "PUT /payment-gateway/api/v1/payments/api-key/ HTTP/1.1" 200 87
2018-01-08 10:08:21,691 django.server INFO     "PUT /payment-gateway/api/v1/payments/api-key/ HTTP/1.1" 200 87
2018-01-08 10:08:31,937 django.server WARNING  "POST /payment-gateway/api/v1/payments/card/ HTTP/1.1" 401 494
2018-01-08 10:15:29,045 django.server WARNING  "POST /payment-gateway/api/v1/payments/card/ HTTP/1.1" 401 494
2018-01-08 10:16:06,007 django.server INFO     "PUT /payment-gateway/api/v1/payments/api-key/ HTTP/1.1" 200 87
2018-01-08 10:16:08,469 django.server INFO     "POST /payment-gateway/api/v1/payments/card/ HTTP/1.1" 200 879
2018-01-08 10:34:48,556 django.server INFO     "GET /payment-gateway/static/swagger/index.html HTTP/1.1" 200 3830
2018-01-08 10:34:48,611 django.server INFO     "GET /payment-gateway/static/swagger/swagger-ui.css HTTP/1.1" 200 33780
2018-01-08 10:34:48,627 django.server INFO     "GET /payment-gateway/static/swagger/swagger-ui-standalone-preset.js HTTP/1.1" 200 337975
2018-01-08 10:34:48,645 django.server INFO     "GET /payment-gateway/static/swagger/swagger-ui-bundle.js HTTP/1.1" 200 1527907
2018-01-08 10:34:48,748 django.server INFO     "GET /payment-gateway/static/swagger/print.css HTTP/1.1" 200 48011
2018-01-08 10:34:50,184 django.server INFO     "GET /payment-gateway/static/swagger/worldpay.json HTTP/1.1" 200 13753
2018-01-08 10:34:50,539 django.server INFO     "GET /payment-gateway/static/swagger/favicon-32x32.png HTTP/1.1" 200 1141
2018-01-08 10:34:57,779 django.server INFO     "POST /payment-gateway/api/v1/payments/card/ HTTP/1.1" 200 879
2018-01-08 10:35:07,142 django.server WARNING  "POST /payment-gateway/api/v1/payments/card/ HTTP/1.1" 400 554
2018-01-08 10:37:19,419 django.server INFO     "GET /payment-gateway/static/swagger/index.html HTTP/1.1" 200 3830
2018-01-08 10:37:19,465 django.server INFO     "GET /payment-gateway/static/swagger/swagger-ui.css HTTP/1.1" 200 33780
2018-01-08 10:37:19,480 django.server INFO     "GET /payment-gateway/static/swagger/swagger-ui-standalone-preset.js HTTP/1.1" 200 337975
2018-01-08 10:37:19,516 django.server INFO     "GET /payment-gateway/static/swagger/print.css HTTP/1.1" 200 48011
2018-01-08 10:37:19,529 django.server INFO     "GET /payment-gateway/static/swagger/swagger-ui-bundle.js HTTP/1.1" 200 1527907
2018-01-08 10:37:19,911 django.server INFO     "GET /payment-gateway/static/swagger/worldpay.json HTTP/1.1" 200 13753
2018-01-08 10:37:20,257 django.server INFO     "GET /payment-gateway/static/swagger/favicon-32x32.png HTTP/1.1" 200 1141
2018-01-08 10:37:56,397 django.server INFO     "GET /payment-gateway/static/swagger/index.html HTTP/1.1" 200 3830
2018-01-08 10:37:56,439 django.server INFO     "GET /payment-gateway/static/swagger/swagger-ui.css HTTP/1.1" 200 33780
2018-01-08 10:37:56,454 django.server INFO     "GET /payment-gateway/static/swagger/swagger-ui-standalone-preset.js HTTP/1.1" 200 337975
2018-01-08 10:37:56,477 django.server INFO     "GET /payment-gateway/static/swagger/swagger-ui-bundle.js HTTP/1.1" 200 1527907
2018-01-08 10:37:56,510 django.server INFO     "GET /payment-gateway/static/swagger/print.css HTTP/1.1" 200 48011
2018-01-08 10:37:56,863 django.server INFO     "GET /payment-gateway/static/swagger/worldpay.json HTTP/1.1" 200 13753
2018-01-08 10:37:57,206 django.server INFO     "GET /payment-gateway/static/swagger/favicon-32x32.png HTTP/1.1" 200 1141
2018-01-08 10:38:10,559 django.server INFO     "GET /payment-gateway/static/swagger/index.html HTTP/1.1" 304 0
2018-01-08 10:38:11,297 django.server INFO     "GET /payment-gateway/static/swagger/favicon-32x32.png HTTP/1.1" 200 1141
2018-01-08 10:38:27,215 django.server INFO     "GET /payment-gateway/static/swagger/index.html HTTP/1.1" 200 3830
2018-01-08 10:38:27,838 django.server INFO     "GET /payment-gateway/static/swagger/favicon-32x32.png HTTP/1.1" 200 1141
2018-01-08 10:38:42,504 django.server INFO     "GET /payment-gateway/static/swagger/index.html HTTP/1.1" 200 3830
2018-01-08 10:38:42,555 django.server INFO     "GET /payment-gateway/static/swagger/swagger-ui.css HTTP/1.1" 200 33780
2018-01-08 10:38:42,581 django.server INFO     "GET /payment-gateway/static/swagger/swagger-ui-standalone-preset.js HTTP/1.1" 200 337975
2018-01-08 10:38:42,588 django.server INFO     "GET /payment-gateway/static/swagger/print.css HTTP/1.1" 200 48011
2018-01-08 10:38:42,617 django.server INFO     "GET /payment-gateway/static/swagger/swagger-ui-bundle.js HTTP/1.1" 200 1527907
2018-01-08 10:38:42,951 django.server INFO     "GET /payment-gateway/static/swagger/worldpay.json HTTP/1.1" 200 13753
2018-01-08 10:38:43,278 django.server INFO     "GET /payment-gateway/static/swagger/favicon-32x32.png HTTP/1.1" 200 1141
2018-01-08 10:39:47,069 django.server ERROR    Django serialization error: 'expiryYear' 'Ensure this value is less than or equal to 32767.'
2018-01-08 10:39:47,070 django.server WARNING  "POST /payment-gateway/api/v1/payments/card/ HTTP/1.1" 400 103
2018-01-08 10:39:58,285 django.server ERROR    Django serialization error: 'expiryYear' 'Ensure this value is less than or equal to 32767.'
2018-01-08 10:39:58,288 django.server WARNING  "POST /payment-gateway/api/v1/payments/card/ HTTP/1.1" 400 103
2018-01-08 10:40:34,548 django.server INFO     "GET /payment-gateway/static/swagger/index.html HTTP/1.1" 200 3830
2018-01-08 10:40:34,600 django.server INFO     "GET /payment-gateway/static/swagger/swagger-ui.css HTTP/1.1" 200 33780
2018-01-08 10:40:34,610 django.server INFO     "GET /payment-gateway/static/swagger/swagger-ui-standalone-preset.js HTTP/1.1" 200 337975
2018-01-08 10:40:34,643 django.server INFO     "GET /payment-gateway/static/swagger/print.css HTTP/1.1" 200 48011
2018-01-08 10:40:34,650 django.server INFO     "GET /payment-gateway/static/swagger/swagger-ui-bundle.js HTTP/1.1" 200 1527907
2018-01-08 10:40:34,988 django.server INFO     "GET /payment-gateway/static/swagger/worldpay.json HTTP/1.1" 200 13753
2018-01-08 10:40:35,328 django.server INFO     "GET /payment-gateway/static/swagger/favicon-32x32.png HTTP/1.1" 200 1141
2018-01-08 10:42:06,268 django.server WARNING  "POST /payment-gateway/api/v1/payments/card/ HTTP/1.1" 400 574
2018-01-08 10:42:24,511 django.server ERROR    Django serialization error: 'cvc' 'Ensure this value is less than or equal to 32767.'
2018-01-08 10:42:24,521 django.server WARNING  "POST /payment-gateway/api/v1/payments/card/ HTTP/1.1" 400 96
2018-01-08 10:43:04,005 django.server INFO     "GET /payment-gateway/static/swagger/index.html HTTP/1.1" 200 3830
2018-01-08 10:43:04,049 django.server INFO     "GET /payment-gateway/static/swagger/swagger-ui.css HTTP/1.1" 200 33780
2018-01-08 10:43:04,072 django.server INFO     "GET /payment-gateway/static/swagger/swagger-ui-standalone-preset.js HTTP/1.1" 200 337975
2018-01-08 10:43:04,107 django.server INFO     "GET /payment-gateway/static/swagger/print.css HTTP/1.1" 200 48011
2018-01-08 10:43:04,127 django.server INFO     "GET /payment-gateway/static/swagger/swagger-ui-bundle.js HTTP/1.1" 200 1527907
2018-01-08 10:43:04,453 django.server INFO     "GET /payment-gateway/static/swagger/worldpay.json HTTP/1.1" 200 13753
2018-01-08 10:43:04,777 django.server INFO     "GET /payment-gateway/static/swagger/favicon-32x32.png HTTP/1.1" 200 1141
2018-01-08 10:44:24,729 django.server INFO     "GET /payment-gateway/static/swagger/index.html HTTP/1.1" 200 3830
2018-01-08 10:44:24,767 django.server INFO     "GET /payment-gateway/static/swagger/swagger-ui.css HTTP/1.1" 200 33780
2018-01-08 10:44:24,778 django.server INFO     "GET /payment-gateway/static/swagger/swagger-ui-standalone-preset.js HTTP/1.1" 200 337975
2018-01-08 10:44:24,811 django.server INFO     "GET /payment-gateway/static/swagger/print.css HTTP/1.1" 200 48011
2018-01-08 10:44:24,821 django.server INFO     "GET /payment-gateway/static/swagger/swagger-ui-bundle.js HTTP/1.1" 200 1527907
2018-01-08 10:44:25,176 django.server INFO     "GET /payment-gateway/static/swagger/worldpay.json HTTP/1.1" 200 13753
2018-01-08 10:44:25,550 django.server INFO     "GET /payment-gateway/static/swagger/favicon-32x32.png HTTP/1.1" 200 1141
2018-01-08 10:44:45,445 django.server INFO     "GET /payment-gateway/static/swagger/index.html HTTP/1.1" 200 3830
2018-01-08 10:44:45,487 django.server INFO     "GET /payment-gateway/static/swagger/swagger-ui.css HTTP/1.1" 200 33780
2018-01-08 10:44:45,500 django.server INFO     "GET /payment-gateway/static/swagger/swagger-ui-standalone-preset.js HTTP/1.1" 200 337975
2018-01-08 10:44:45,534 django.server INFO     "GET /payment-gateway/static/swagger/print.css HTTP/1.1" 200 48011
2018-01-08 10:44:45,554 django.server INFO     "GET /payment-gateway/static/swagger/swagger-ui-bundle.js HTTP/1.1" 200 1527907
2018-01-08 10:44:45,928 django.server INFO     "GET /payment-gateway/static/swagger/worldpay.json HTTP/1.1" 200 13753
2018-01-08 10:44:46,325 django.server INFO     "GET /payment-gateway/static/swagger/favicon-32x32.png HTTP/1.1" 200 1141
2018-01-08 12:15:43,276 django.server INFO     "GET /payment-gateway/static/swagger/index.html HTTP/1.1" 200 3830
2018-01-08 12:15:43,339 django.server INFO     "GET /payment-gateway/static/swagger/swagger-ui.css HTTP/1.1" 200 33780
2018-01-08 12:15:43,367 django.server INFO     "GET /payment-gateway/static/swagger/swagger-ui-standalone-preset.js HTTP/1.1" 200 337975
2018-01-08 12:15:43,399 django.server INFO     "GET /payment-gateway/static/swagger/swagger-ui-bundle.js HTTP/1.1" 200 1527907
2018-01-08 12:15:43,708 django.server INFO     "GET /payment-gateway/static/swagger/print.css HTTP/1.1" 200 48011
2018-01-08 12:15:44,216 django.server INFO     "GET /payment-gateway/static/swagger/worldpay.json HTTP/1.1" 200 14365
2018-01-08 12:15:44,571 django.server INFO     "GET /payment-gateway/static/swagger/favicon-32x32.png HTTP/1.1" 200 1141
2018-01-08 12:15:56,055 django.server INFO     "POST /payment-gateway/api/v1/payments/card/ HTTP/1.1" 200 879
2018-01-08 12:16:12,485 django.server INFO     "GET /payment-gateway/api/v1/payments/get/dc80ffc8-2939-475c-aa5f-061a17c39551 HTTP/1.1" 301 0
2018-01-08 12:16:12,893 django.server ERROR    [['  File "C:\\Users\\stylesm\\Desktop\\test\\OFS-MORE-Beta-Secured\\source\\payment_gateway\\application\\views.py", line 27, in get_payment', '    return JsonResponse({"message":out},status=out.status_code)', "AttributeError: 'dict' object has no attribute 'status_code'"]]
2018-01-08 12:16:12,897 django.server ERROR    "GET /payment-gateway/api/v1/payments/get/dc80ffc8-2939-475c-aa5f-061a17c39551/ HTTP/1.1" 500 2
2018-01-08 12:17:35,527 django.server ERROR    [['  File "C:\\Users\\stylesm\\Desktop\\test\\OFS-MORE-Beta-Secured\\source\\payment_gateway\\application\\views.py", line 27, in get_payment', '    return JsonResponse({"message":out},status=out[\'status_code\'])', "KeyError: 'status_code'"]]
2018-01-08 12:17:35,531 django.server ERROR    "GET /payment-gateway/api/v1/payments/get/dc80ffc8-2939-475c-aa5f-061a17c39551/ HTTP/1.1" 500 2
2018-01-08 12:17:57,952 django.server INFO     "GET /payment-gateway/api/v1/payments/get/dc80ffc8-2939-475c-aa5f-061a17c39551/ HTTP/1.1" 200 1194
2018-01-08 12:18:02,409 django.server INFO     "GET /payment-gateway/api/v1/payments/get/dc80ffc8-2939-475c-aa5f-061a17c39553 HTTP/1.1" 301 0
2018-01-08 12:18:02,779 django.server INFO     "GET /payment-gateway/api/v1/payments/get/dc80ffc8-2939-475c-aa5f-061a17c39553/ HTTP/1.1" 200 372
2018-01-08 12:18:27,516 django.server WARNING  "GET /payment-gateway/api/v1/payments/get/dc80ffc8-2939-475c-aa5f-061a17c39553/ HTTP/1.1" 404 372
2018-01-08 12:19:54,195 django.server INFO     "PUT /payment-gateway/api/v1/payments/api-key/ HTTP/1.1" 200 87
<<<<<<< HEAD
2018-01-08 13:36:38,696 django.server INFO     "GET /payment-gateway/static/swagger/index.html HTTP/1.1" 200 3830
2018-01-08 13:36:38,742 django.server INFO     "GET /payment-gateway/static/swagger/swagger-ui.css HTTP/1.1" 200 33780
2018-01-08 13:36:38,764 django.server INFO     "GET /payment-gateway/static/swagger/swagger-ui-standalone-preset.js HTTP/1.1" 200 337975
2018-01-08 13:36:38,783 django.server INFO     "GET /payment-gateway/static/swagger/swagger-ui-bundle.js HTTP/1.1" 200 1527907
2018-01-08 13:36:38,898 django.server INFO     "GET /payment-gateway/static/swagger/print.css HTTP/1.1" 200 48011
2018-01-08 13:36:39,269 django.server INFO     "GET /payment-gateway/static/swagger/worldpay.json HTTP/1.1" 200 14384
2018-01-08 13:36:39,445 django.server INFO     "GET /payment-gateway/static/swagger/favicon-32x32.png HTTP/1.1" 200 1141
2018-01-08 13:56:43,937 django.server INFO     "GET /payment-gateway/static/swagger/index.html HTTP/1.1" 200 3830
2018-01-08 13:56:43,994 django.server INFO     "GET /payment-gateway/static/swagger/swagger-ui.css HTTP/1.1" 200 33780
2018-01-08 13:56:44,023 django.server INFO     "GET /payment-gateway/static/swagger/swagger-ui-bundle.js HTTP/1.1" 200 1527907
2018-01-08 13:56:44,026 django.server INFO     "GET /payment-gateway/static/swagger/swagger-ui-standalone-preset.js HTTP/1.1" 200 337975
2018-01-08 13:56:44,556 django.server INFO     "GET /payment-gateway/static/swagger/print.css HTTP/1.1" 200 48011
2018-01-08 13:56:45,201 django.server INFO     "GET /payment-gateway/static/swagger/worldpay.json HTTP/1.1" 200 14384
2018-01-08 13:56:45,450 django.server INFO     "GET /payment-gateway/static/swagger/favicon-32x32.png HTTP/1.1" 200 1141
2018-01-08 13:57:14,509 django.server INFO     "GET /payment-gateway/static/swagger/index.html HTTP/1.1" 200 3830
2018-01-08 13:57:14,542 django.server INFO     "GET /payment-gateway/static/swagger/swagger-ui.css HTTP/1.1" 200 33780
2018-01-08 13:57:14,559 django.server INFO     "GET /payment-gateway/static/swagger/swagger-ui-standalone-preset.js HTTP/1.1" 200 337975
2018-01-08 13:57:14,591 django.server INFO     "GET /payment-gateway/static/swagger/print.css HTTP/1.1" 200 48011
2018-01-08 13:57:14,598 django.server INFO     "GET /payment-gateway/static/swagger/swagger-ui-bundle.js HTTP/1.1" 200 1527907
2018-01-08 13:57:15,163 django.server INFO     "GET /payment-gateway/static/swagger/worldpay.json HTTP/1.1" 200 14380
2018-01-08 13:57:15,644 django.server INFO     "GET /payment-gateway/static/swagger/favicon-32x32.png HTTP/1.1" 200 1141
2018-01-08 13:57:24,250 django.server WARNING  "POST /payment-gateway/api/v1/payments/card/ HTTP/1.1" 405 41
2018-01-08 13:58:22,179 django.server WARNING  "POST /payment-gateway/api/v1/payments/card/ HTTP/1.1" 405 41
2018-01-08 13:59:18,467 django.server WARNING  "POST /payment-gateway/api/v1/payments/card/ HTTP/1.1" 405 41
2018-01-08 13:59:47,809 django.server ERROR    "POST /payment-gateway/api/v1/payments/card/ HTTP/1.1" 500 78784
2018-01-08 14:00:16,506 django.server INFO     "POST /payment-gateway/api/v1/payments/card/ HTTP/1.1" 200 879
2018-01-08 14:00:41,585 django.server INFO     "GET /payment-gateway/api/v1/payments/1df7bf85-d3c1-47c8-b2fe-a2e7465396c4 HTTP/1.1" 301 0
2018-01-08 14:00:43,039 django.server ERROR    [['  File "C:\\Users\\stylesm\\Desktop\\test\\OFS-MORE-Beta-Secured\\source\\payment_gateway\\application\\views.py", line 32, in get_payment', '    return JsonResponse({"message":out},status=out[\'httpStatusCode\'])', "KeyError: 'httpStatusCode'"]]
2018-01-08 14:00:43,045 django.server ERROR    "GET /payment-gateway/api/v1/payments/1df7bf85-d3c1-47c8-b2fe-a2e7465396c4/ HTTP/1.1" 500 2
2018-01-08 14:01:55,443 django.server INFO     "GET /payment-gateway/api/v1/payments/1df7bf85-d3c1-47c8-b2fe-a2e7465396c4/ HTTP/1.1" 200 1194
2018-01-08 14:03:16,807 django.server INFO     "GET /payment-gateway/api/v1/payments/1df7bf85-d3c1-47c8-b2fe-a2e7465396c4/ HTTP/1.1" 200 1194
2018-01-08 14:03:41,219 django.server INFO     "GET /payment-gateway/api/v1/payments/1df7bf85-d3c1-47c8-b2fe-a2e7465396c3 HTTP/1.1" 301 0
2018-01-08 14:03:41,637 django.server WARNING  "GET /payment-gateway/api/v1/payments/1df7bf85-d3c1-47c8-b2fe-a2e7465396c3/ HTTP/1.1" 404 372
=======
2018-01-08 13:29:35,292 django.server WARNING  "GET / HTTP/1.1" 404 2397
2018-01-08 13:29:35,421 django.server WARNING  "GET /favicon.ico HTTP/1.1" 404 2448
2018-01-08 13:29:42,953 django.server INFO     "GET /payment-gateway/static/swagger/index.html HTTP/1.1" 200 3732
2018-01-08 13:29:42,989 django.server INFO     "GET /payment-gateway/static/swagger/swagger-ui.css HTTP/1.1" 200 33779
2018-01-08 13:29:43,279 django.server INFO     "GET /payment-gateway/static/swagger/swagger-ui-bundle.js HTTP/1.1" 200 1527809
2018-01-08 13:29:43,337 django.server INFO     "GET /payment-gateway/static/swagger/print.css HTTP/1.1" 200 46646
2018-01-08 13:29:43,372 django.server INFO     "GET /payment-gateway/static/swagger/swagger-ui-standalone-preset.js HTTP/1.1" 200 337963
2018-01-08 13:29:44,026 django.server INFO     "GET /payment-gateway/static/swagger/worldpay.json HTTP/1.1" 200 13833
2018-01-08 13:29:44,068 django.server INFO     "GET /payment-gateway/static/swagger/favicon-32x32.png HTTP/1.1" 200 1141
2018-01-08 13:29:44,418 django.server INFO     "GET /payment-gateway/static/swagger/favicon-16x16.png HTTP/1.1" 200 445
2018-01-08 13:31:27,292 django.server INFO     "GET /payment-gateway/static/swagger/index.html HTTP/1.1" 304 0
>>>>>>> 68c0a207aecd071ed79df967eb50be3f2e009d87
2018-01-08 14:06:33,113 django.server INFO     "POST /payment-gateway/api/v1/payments/card/ HTTP/1.1" 200 879
2018-01-08 14:06:38,519 django.server WARNING  "GET /payment-gateway/api/v1/payments/1df7bf85-d3c1-47c8-b2fe-a2e7465396c3/ HTTP/1.1" 404 372
2018-01-08 15:05:04,494 django.server INFO     "GET /payment-gateway/static/swagger/index.html HTTP/1.1" 200 3830
2018-01-08 15:05:04,532 django.server INFO     "GET /payment-gateway/static/swagger/swagger-ui.css HTTP/1.1" 200 33780
2018-01-08 15:05:04,569 django.server INFO     "GET /payment-gateway/static/swagger/swagger-ui-standalone-preset.js HTTP/1.1" 200 337975
2018-01-08 15:05:04,586 django.server INFO     "GET /payment-gateway/static/swagger/swagger-ui-bundle.js HTTP/1.1" 200 1527907
2018-01-08 15:05:05,160 django.server INFO     "GET /payment-gateway/static/swagger/print.css HTTP/1.1" 200 48011
2018-01-08 15:05:05,569 django.server INFO     "GET /payment-gateway/static/swagger/worldpay.json HTTP/1.1" 200 14380
2018-01-08 15:05:05,906 django.server INFO     "GET /payment-gateway/static/swagger/favicon-32x32.png HTTP/1.1" 200 1141
2018-01-08 15:05:12,526 django.server INFO     "POST /payment-gateway/api/v1/payments/card/ HTTP/1.1" 200 879
2018-01-08 15:06:25,222 django.server ERROR    [['  File "C:\\Users\\stylesm\\Desktop\\test\\OFS-MORE-Beta-Secured\\source\\payment_gateway\\application\\views.py", line 50, in place_order', '    return JsonResponserder_request({"message":serializer.data},status = 201)', "NameError: name 'JsonResponserder_request' is not defined"]]
2018-01-08 15:06:25,226 django.server ERROR    "POST /payment-gateway/api/v1/payments/card/ HTTP/1.1" 500 2
2018-01-08 15:06:56,722 django.server INFO     "POST /payment-gateway/api/v1/payments/card/ HTTP/1.1" 201 274
2018-01-08 15:07:25,706 django.server ERROR    [['  File "C:\\Python 3.5\\lib\\site-packages\\rest_framework\\views.py", line 399, in finalize_response', '    % type(response)', "AssertionError: Expected a `Response`, `HttpResponse` or `HttpStreamingResponse` to be returned from the view, but received a `<class 'rest_framework.utils.serializer_helpers.ReturnDict'>`"]]
2018-01-08 15:07:25,707 django.server ERROR    "POST /payment-gateway/api/v1/payments/card/ HTTP/1.1" 500 2
2018-01-08 15:07:26,771 django.server ERROR    [['  File "C:\\Python 3.5\\lib\\site-packages\\rest_framework\\views.py", line 399, in finalize_response', '    % type(response)', "AssertionError: Expected a `Response`, `HttpResponse` or `HttpStreamingResponse` to be returned from the view, but received a `<class 'rest_framework.utils.serializer_helpers.ReturnDict'>`"]]
2018-01-08 15:07:26,773 django.server ERROR    "POST /payment-gateway/api/v1/payments/card/ HTTP/1.1" 500 2
2018-01-08 15:08:28,856 django.server INFO     "POST /payment-gateway/api/v1/payments/card/ HTTP/1.1" 200 879
2018-01-08 15:09:02,907 django.server INFO     "POST /payment-gateway/api/v1/payments/card/ HTTP/1.1" 201 879
2018-01-08 16:06:28,851 django.server ERROR    Django serialization error: 'amount' 'This field is required.'
2018-01-08 16:06:51,673 django.server ERROR    Django serialization error: 'amount' 'This field is required.'
2018-01-08 17:28:50,120 django.server INFO     "GET /payment-gateway/static/swagger/index.html HTTP/1.1" 200 3829
2018-01-08 17:28:50,183 django.server INFO     "GET /payment-gateway/static/swagger/swagger-ui.css HTTP/1.1" 200 33780
2018-01-08 17:28:50,215 django.server INFO     "GET /payment-gateway/static/swagger/swagger-ui-standalone-preset.js HTTP/1.1" 200 337975
2018-01-08 17:28:50,229 django.server INFO     "GET /payment-gateway/static/swagger/swagger-ui-bundle.js HTTP/1.1" 200 1527907
2018-01-08 17:28:50,671 django.server INFO     "GET /payment-gateway/static/swagger/print.css HTTP/1.1" 200 48011
2018-01-08 17:28:51,408 django.server INFO     "GET /payment-gateway/static/swagger/swagger.json HTTP/1.1" 200 14641
2018-01-08 17:28:52,000 django.server INFO     "GET /payment-gateway/static/swagger/favicon-32x32.png HTTP/1.1" 200 1141
